SF:/Users/mr.wolf/loadingalias/crc-fast-rust/src/algorithm.rs
FN:57,_RINvNtCs3YYFpeUFfny_8crc_fast9algorithm6updateNtNtNtNtB4_4arch7aarch643aes13Aarch64AesOpsNtNtB4_7structs7Width32EB4_
FN:57,_RINvNtCs3YYFpeUFfny_8crc_fast9algorithm6updateNtNtNtNtB4_4arch7aarch643aes13Aarch64AesOpsNtNtB4_7structs7Width64EB4_
FN:57,_RINvNtCs3YYFpeUFfny_8crc_fast9algorithm6updateNtNtNtNtB4_4arch7aarch648aes_sha317Aarch64AesSha3OpsNtNtB4_7structs7Width32EB4_
FN:57,_RINvNtCs3YYFpeUFfny_8crc_fast9algorithm6updateNtNtNtNtB4_4arch7aarch648aes_sha317Aarch64AesSha3OpsNtNtB4_7structs7Width64EB4_
FN:27,_RNvNtCs3YYFpeUFfny_8crc_fast9algorithm18extract_keys_array
FN:355,_RINvNtCs3YYFpeUFfny_8crc_fast9algorithm12fold_and_xorNtNtNtNtB4_4arch7aarch643aes13Aarch64AesOpsNtNtB4_7structs7Width32EB4_
FN:355,_RINvNtCs3YYFpeUFfny_8crc_fast9algorithm12fold_and_xorNtNtNtNtB4_4arch7aarch643aes13Aarch64AesOpsNtNtB4_7structs7Width64EB4_
FN:355,_RINvNtCs3YYFpeUFfny_8crc_fast9algorithm12fold_and_xorNtNtNtNtB4_4arch7aarch648aes_sha317Aarch64AesSha3OpsNtNtB4_7structs7Width32EB4_
FN:355,_RINvNtCs3YYFpeUFfny_8crc_fast9algorithm12fold_and_xorNtNtNtNtB4_4arch7aarch648aes_sha317Aarch64AesSha3OpsNtNtB4_7structs7Width64EB4_
FN:334,_RINvNtCs3YYFpeUFfny_8crc_fast9algorithm13reflect_bytesNtNtNtNtB4_4arch7aarch643aes13Aarch64AesOpsEB4_
FN:334,_RINvNtCs3YYFpeUFfny_8crc_fast9algorithm13reflect_bytesNtNtNtNtB4_4arch7aarch648aes_sha317Aarch64AesSha3OpsEB4_
FN:385,_RINvNtCs3YYFpeUFfny_8crc_fast9algorithm16process_17_to_31NtNtNtNtB4_4arch7aarch643aes13Aarch64AesOpsNtNtB4_7structs7Width32EB4_
FN:385,_RINvNtCs3YYFpeUFfny_8crc_fast9algorithm16process_17_to_31NtNtNtNtB4_4arch7aarch643aes13Aarch64AesOpsNtNtB4_7structs7Width64EB4_
FN:385,_RINvNtCs3YYFpeUFfny_8crc_fast9algorithm16process_17_to_31NtNtNtNtB4_4arch7aarch648aes_sha317Aarch64AesSha3OpsNtNtB4_7structs7Width32EB4_
FN:385,_RINvNtCs3YYFpeUFfny_8crc_fast9algorithm16process_17_to_31NtNtNtNtB4_4arch7aarch648aes_sha317Aarch64AesSha3OpsNtNtB4_7structs7Width64EB4_
FN:512,_RINvNtCs3YYFpeUFfny_8crc_fast9algorithm17get_last_two_xmmsNtNtNtNtB4_4arch7aarch643aes13Aarch64AesOpsNtNtB4_7structs7Width32EB4_
FN:512,_RINvNtCs3YYFpeUFfny_8crc_fast9algorithm17get_last_two_xmmsNtNtNtNtB4_4arch7aarch643aes13Aarch64AesOpsNtNtB4_7structs7Width64EB4_
FN:512,_RINvNtCs3YYFpeUFfny_8crc_fast9algorithm17get_last_two_xmmsNtNtNtNtB4_4arch7aarch648aes_sha317Aarch64AesSha3OpsNtNtB4_7structs7Width32EB4_
FN:512,_RINvNtCs3YYFpeUFfny_8crc_fast9algorithm17get_last_two_xmmsNtNtNtNtB4_4arch7aarch648aes_sha317Aarch64AesSha3OpsNtNtB4_7structs7Width64EB4_
FN:427,_RINvNtCs3YYFpeUFfny_8crc_fast9algorithm17process_32_to_255NtNtNtNtB4_4arch7aarch643aes13Aarch64AesOpsNtNtB4_7structs7Width32EB4_
FN:427,_RINvNtCs3YYFpeUFfny_8crc_fast9algorithm17process_32_to_255NtNtNtNtB4_4arch7aarch643aes13Aarch64AesOpsNtNtB4_7structs7Width64EB4_
FN:427,_RINvNtCs3YYFpeUFfny_8crc_fast9algorithm17process_32_to_255NtNtNtNtB4_4arch7aarch648aes_sha317Aarch64AesSha3OpsNtNtB4_7structs7Width32EB4_
FN:427,_RINvNtCs3YYFpeUFfny_8crc_fast9algorithm17process_32_to_255NtNtNtNtB4_4arch7aarch648aes_sha317Aarch64AesSha3OpsNtNtB4_7structs7Width64EB4_
FN:285,_RINvNtCs3YYFpeUFfny_8crc_fast9algorithm18process_exactly_16NtNtNtNtB4_4arch7aarch643aes13Aarch64AesOpsNtNtB4_7structs7Width32EB4_
FN:285,_RINvNtCs3YYFpeUFfny_8crc_fast9algorithm18process_exactly_16NtNtNtNtB4_4arch7aarch643aes13Aarch64AesOpsNtNtB4_7structs7Width64EB4_
FN:285,_RINvNtCs3YYFpeUFfny_8crc_fast9algorithm18process_exactly_16NtNtNtNtB4_4arch7aarch648aes_sha317Aarch64AesSha3OpsNtNtB4_7structs7Width32EB4_
FN:285,_RINvNtCs3YYFpeUFfny_8crc_fast9algorithm18process_exactly_16NtNtNtNtB4_4arch7aarch648aes_sha317Aarch64AesSha3OpsNtNtB4_7structs7Width64EB4_
FN:116,_RINvNtCs3YYFpeUFfny_8crc_fast9algorithm19process_by_strategyNtNtNtNtB4_4arch7aarch643aes13Aarch64AesOpsNtNtB4_7structs7Width32EB4_
FN:116,_RINvNtCs3YYFpeUFfny_8crc_fast9algorithm19process_by_strategyNtNtNtNtB4_4arch7aarch643aes13Aarch64AesOpsNtNtB4_7structs7Width64EB4_
FN:116,_RINvNtCs3YYFpeUFfny_8crc_fast9algorithm19process_by_strategyNtNtNtNtB4_4arch7aarch648aes_sha317Aarch64AesSha3OpsNtNtB4_7structs7Width32EB4_
FN:116,_RINvNtCs3YYFpeUFfny_8crc_fast9algorithm19process_by_strategyNtNtNtNtB4_4arch7aarch648aes_sha317Aarch64AesSha3OpsNtNtB4_7structs7Width64EB4_
FN:205,_RINvNtCs3YYFpeUFfny_8crc_fast9algorithm19process_simd_chunksNtNtNtNtB4_4arch7aarch643aes13Aarch64AesOpsNtNtB4_7structs7Width32EB4_
FN:205,_RINvNtCs3YYFpeUFfny_8crc_fast9algorithm19process_simd_chunksNtNtNtNtB4_4arch7aarch643aes13Aarch64AesOpsNtNtB4_7structs7Width64EB4_
FN:205,_RINvNtCs3YYFpeUFfny_8crc_fast9algorithm19process_simd_chunksNtNtNtNtB4_4arch7aarch648aes_sha317Aarch64AesSha3OpsNtNtB4_7structs7Width32EB4_
FN:205,_RINvNtCs3YYFpeUFfny_8crc_fast9algorithm19process_simd_chunksNtNtNtNtB4_4arch7aarch648aes_sha317Aarch64AesSha3OpsNtNtB4_7structs7Width64EB4_
FN:311,_RINvNtCs3YYFpeUFfny_8crc_fast9algorithm21process_16_byte_blockNtNtNtNtB4_4arch7aarch643aes13Aarch64AesOpsEB4_
FN:311,_RINvNtCs3YYFpeUFfny_8crc_fast9algorithm21process_16_byte_blockNtNtNtNtB4_4arch7aarch648aes_sha317Aarch64AesSha3OpsEB4_
FN:152,_RINvNtCs3YYFpeUFfny_8crc_fast9algorithm21process_large_alignedNtNtNtNtB4_4arch7aarch643aes13Aarch64AesOpsNtNtB4_7structs7Width32EB4_
FN:152,_RINvNtCs3YYFpeUFfny_8crc_fast9algorithm21process_large_alignedNtNtNtNtB4_4arch7aarch643aes13Aarch64AesOpsNtNtB4_7structs7Width64EB4_
FN:152,_RINvNtCs3YYFpeUFfny_8crc_fast9algorithm21process_large_alignedNtNtNtNtB4_4arch7aarch648aes_sha317Aarch64AesSha3OpsNtNtB4_7structs7Width32EB4_
FN:152,_RINvNtCs3YYFpeUFfny_8crc_fast9algorithm21process_large_alignedNtNtNtNtB4_4arch7aarch648aes_sha317Aarch64AesSha3OpsNtNtB4_7structs7Width64EB4_
FN:57,_RINvNtCs3YYFpeUFfny_8crc_fast9algorithm6updateNtNtNtNtB4_4arch7aarch643aes13Aarch64AesOpsNtNtB4_7structs7Width32ECsa96wfuC4ae_8checksum
FN:57,_RINvNtCs3YYFpeUFfny_8crc_fast9algorithm6updateNtNtNtNtB4_4arch7aarch643aes13Aarch64AesOpsNtNtB4_7structs7Width64ECsa96wfuC4ae_8checksum
FN:57,_RINvNtCs3YYFpeUFfny_8crc_fast9algorithm6updateNtNtNtNtB4_4arch7aarch648aes_sha317Aarch64AesSha3OpsNtNtB4_7structs7Width32ECsa96wfuC4ae_8checksum
FN:57,_RINvNtCs3YYFpeUFfny_8crc_fast9algorithm6updateNtNtNtNtB4_4arch7aarch648aes_sha317Aarch64AesSha3OpsNtNtB4_7structs7Width64ECsa96wfuC4ae_8checksum
FN:57,_RINvNtCs3YYFpeUFfny_8crc_fast9algorithm6updateNtNtNtNtB4_4arch7aarch643aes13Aarch64AesOpsNtNtB4_7structs7Width32ECseaXugnuoQ7h_8checksum
FN:57,_RINvNtCs3YYFpeUFfny_8crc_fast9algorithm6updateNtNtNtNtB4_4arch7aarch643aes13Aarch64AesOpsNtNtB4_7structs7Width64ECseaXugnuoQ7h_8checksum
FN:57,_RINvNtCs3YYFpeUFfny_8crc_fast9algorithm6updateNtNtNtNtB4_4arch7aarch648aes_sha317Aarch64AesSha3OpsNtNtB4_7structs7Width32ECseaXugnuoQ7h_8checksum
FN:57,_RINvNtCs3YYFpeUFfny_8crc_fast9algorithm6updateNtNtNtNtB4_4arch7aarch648aes_sha317Aarch64AesSha3OpsNtNtB4_7structs7Width64ECseaXugnuoQ7h_8checksum
FN:355,_RINvNtCscwG700SpbJM_8crc_fast9algorithm12fold_and_xorNtNtNtNtB4_4arch7aarch643aes13Aarch64AesOpsNtNtB4_7structs7Width32EB4_
FN:355,_RINvNtCscwG700SpbJM_8crc_fast9algorithm12fold_and_xorNtNtNtNtB4_4arch7aarch643aes13Aarch64AesOpsNtNtB4_7structs7Width64EB4_
FN:355,_RINvNtCscwG700SpbJM_8crc_fast9algorithm12fold_and_xorNtNtNtNtB4_4arch7aarch648aes_sha317Aarch64AesSha3OpsNtNtB4_7structs7Width32EB4_
FN:355,_RINvNtCscwG700SpbJM_8crc_fast9algorithm12fold_and_xorNtNtNtNtB4_4arch7aarch648aes_sha317Aarch64AesSha3OpsNtNtB4_7structs7Width64EB4_
FN:334,_RINvNtCscwG700SpbJM_8crc_fast9algorithm13reflect_bytesNtNtNtNtB4_4arch7aarch643aes13Aarch64AesOpsEB4_
FN:334,_RINvNtCscwG700SpbJM_8crc_fast9algorithm13reflect_bytesNtNtNtNtB4_4arch7aarch648aes_sha317Aarch64AesSha3OpsEB4_
FN:385,_RINvNtCscwG700SpbJM_8crc_fast9algorithm16process_17_to_31NtNtNtNtB4_4arch7aarch643aes13Aarch64AesOpsNtNtB4_7structs7Width32EB4_
FN:385,_RINvNtCscwG700SpbJM_8crc_fast9algorithm16process_17_to_31NtNtNtNtB4_4arch7aarch643aes13Aarch64AesOpsNtNtB4_7structs7Width64EB4_
FN:385,_RINvNtCscwG700SpbJM_8crc_fast9algorithm16process_17_to_31NtNtNtNtB4_4arch7aarch648aes_sha317Aarch64AesSha3OpsNtNtB4_7structs7Width32EB4_
FN:385,_RINvNtCscwG700SpbJM_8crc_fast9algorithm16process_17_to_31NtNtNtNtB4_4arch7aarch648aes_sha317Aarch64AesSha3OpsNtNtB4_7structs7Width64EB4_
FN:512,_RINvNtCscwG700SpbJM_8crc_fast9algorithm17get_last_two_xmmsNtNtNtNtB4_4arch7aarch643aes13Aarch64AesOpsNtNtB4_7structs7Width32EB4_
FN:512,_RINvNtCscwG700SpbJM_8crc_fast9algorithm17get_last_two_xmmsNtNtNtNtB4_4arch7aarch643aes13Aarch64AesOpsNtNtB4_7structs7Width64EB4_
FN:512,_RINvNtCscwG700SpbJM_8crc_fast9algorithm17get_last_two_xmmsNtNtNtNtB4_4arch7aarch648aes_sha317Aarch64AesSha3OpsNtNtB4_7structs7Width32EB4_
FN:512,_RINvNtCscwG700SpbJM_8crc_fast9algorithm17get_last_two_xmmsNtNtNtNtB4_4arch7aarch648aes_sha317Aarch64AesSha3OpsNtNtB4_7structs7Width64EB4_
FN:427,_RINvNtCscwG700SpbJM_8crc_fast9algorithm17process_32_to_255NtNtNtNtB4_4arch7aarch643aes13Aarch64AesOpsNtNtB4_7structs7Width32EB4_
FN:427,_RINvNtCscwG700SpbJM_8crc_fast9algorithm17process_32_to_255NtNtNtNtB4_4arch7aarch643aes13Aarch64AesOpsNtNtB4_7structs7Width64EB4_
FN:427,_RINvNtCscwG700SpbJM_8crc_fast9algorithm17process_32_to_255NtNtNtNtB4_4arch7aarch648aes_sha317Aarch64AesSha3OpsNtNtB4_7structs7Width32EB4_
FN:427,_RINvNtCscwG700SpbJM_8crc_fast9algorithm17process_32_to_255NtNtNtNtB4_4arch7aarch648aes_sha317Aarch64AesSha3OpsNtNtB4_7structs7Width64EB4_
FN:285,_RINvNtCscwG700SpbJM_8crc_fast9algorithm18process_exactly_16NtNtNtNtB4_4arch7aarch643aes13Aarch64AesOpsNtNtB4_7structs7Width32EB4_
FN:285,_RINvNtCscwG700SpbJM_8crc_fast9algorithm18process_exactly_16NtNtNtNtB4_4arch7aarch643aes13Aarch64AesOpsNtNtB4_7structs7Width64EB4_
FN:285,_RINvNtCscwG700SpbJM_8crc_fast9algorithm18process_exactly_16NtNtNtNtB4_4arch7aarch648aes_sha317Aarch64AesSha3OpsNtNtB4_7structs7Width32EB4_
FN:285,_RINvNtCscwG700SpbJM_8crc_fast9algorithm18process_exactly_16NtNtNtNtB4_4arch7aarch648aes_sha317Aarch64AesSha3OpsNtNtB4_7structs7Width64EB4_
FN:116,_RINvNtCscwG700SpbJM_8crc_fast9algorithm19process_by_strategyNtNtNtNtB4_4arch7aarch643aes13Aarch64AesOpsNtNtB4_7structs7Width32EB4_
FN:116,_RINvNtCscwG700SpbJM_8crc_fast9algorithm19process_by_strategyNtNtNtNtB4_4arch7aarch643aes13Aarch64AesOpsNtNtB4_7structs7Width64EB4_
FN:116,_RINvNtCscwG700SpbJM_8crc_fast9algorithm19process_by_strategyNtNtNtNtB4_4arch7aarch648aes_sha317Aarch64AesSha3OpsNtNtB4_7structs7Width32EB4_
FN:116,_RINvNtCscwG700SpbJM_8crc_fast9algorithm19process_by_strategyNtNtNtNtB4_4arch7aarch648aes_sha317Aarch64AesSha3OpsNtNtB4_7structs7Width64EB4_
FN:205,_RINvNtCscwG700SpbJM_8crc_fast9algorithm19process_simd_chunksNtNtNtNtB4_4arch7aarch643aes13Aarch64AesOpsNtNtB4_7structs7Width32EB4_
FN:205,_RINvNtCscwG700SpbJM_8crc_fast9algorithm19process_simd_chunksNtNtNtNtB4_4arch7aarch643aes13Aarch64AesOpsNtNtB4_7structs7Width64EB4_
FN:205,_RINvNtCscwG700SpbJM_8crc_fast9algorithm19process_simd_chunksNtNtNtNtB4_4arch7aarch648aes_sha317Aarch64AesSha3OpsNtNtB4_7structs7Width32EB4_
FN:205,_RINvNtCscwG700SpbJM_8crc_fast9algorithm19process_simd_chunksNtNtNtNtB4_4arch7aarch648aes_sha317Aarch64AesSha3OpsNtNtB4_7structs7Width64EB4_
FN:311,_RINvNtCscwG700SpbJM_8crc_fast9algorithm21process_16_byte_blockNtNtNtNtB4_4arch7aarch643aes13Aarch64AesOpsEB4_
FN:311,_RINvNtCscwG700SpbJM_8crc_fast9algorithm21process_16_byte_blockNtNtNtNtB4_4arch7aarch648aes_sha317Aarch64AesSha3OpsEB4_
FN:152,_RINvNtCscwG700SpbJM_8crc_fast9algorithm21process_large_alignedNtNtNtNtB4_4arch7aarch643aes13Aarch64AesOpsNtNtB4_7structs7Width32EB4_
FN:152,_RINvNtCscwG700SpbJM_8crc_fast9algorithm21process_large_alignedNtNtNtNtB4_4arch7aarch643aes13Aarch64AesOpsNtNtB4_7structs7Width64EB4_
FN:152,_RINvNtCscwG700SpbJM_8crc_fast9algorithm21process_large_alignedNtNtNtNtB4_4arch7aarch648aes_sha317Aarch64AesSha3OpsNtNtB4_7structs7Width32EB4_
FN:152,_RINvNtCscwG700SpbJM_8crc_fast9algorithm21process_large_alignedNtNtNtNtB4_4arch7aarch648aes_sha317Aarch64AesSha3OpsNtNtB4_7structs7Width64EB4_
FN:57,_RINvNtCscwG700SpbJM_8crc_fast9algorithm6updateNtNtNtNtB4_4arch7aarch643aes13Aarch64AesOpsNtNtB4_7structs7Width32EB4_
FN:57,_RINvNtCscwG700SpbJM_8crc_fast9algorithm6updateNtNtNtNtB4_4arch7aarch643aes13Aarch64AesOpsNtNtB4_7structs7Width64EB4_
FN:57,_RINvNtCscwG700SpbJM_8crc_fast9algorithm6updateNtNtNtNtB4_4arch7aarch648aes_sha317Aarch64AesSha3OpsNtNtB4_7structs7Width32EB4_
FN:57,_RINvNtCscwG700SpbJM_8crc_fast9algorithm6updateNtNtNtNtB4_4arch7aarch648aes_sha317Aarch64AesSha3OpsNtNtB4_7structs7Width64EB4_
FN:27,_RNvNtCscwG700SpbJM_8crc_fast9algorithm18extract_keys_array
FN:57,_RINvNtCs3YYFpeUFfny_8crc_fast9algorithm6updateNtNtNtNtB4_4arch7aarch643aes13Aarch64AesOpsNtNtB4_7structs7Width32ECs4dsW9QDrSvF_12no_std_tests
FN:57,_RINvNtCs3YYFpeUFfny_8crc_fast9algorithm6updateNtNtNtNtB4_4arch7aarch643aes13Aarch64AesOpsNtNtB4_7structs7Width64ECs4dsW9QDrSvF_12no_std_tests
FN:57,_RINvNtCs3YYFpeUFfny_8crc_fast9algorithm6updateNtNtNtNtB4_4arch7aarch648aes_sha317Aarch64AesSha3OpsNtNtB4_7structs7Width32ECs4dsW9QDrSvF_12no_std_tests
FN:57,_RINvNtCs3YYFpeUFfny_8crc_fast9algorithm6updateNtNtNtNtB4_4arch7aarch648aes_sha317Aarch64AesSha3OpsNtNtB4_7structs7Width64ECs4dsW9QDrSvF_12no_std_tests
FN:57,_RINvNtCs3YYFpeUFfny_8crc_fast9algorithm6updateNtNtNtNtB4_4arch7aarch643aes13Aarch64AesOpsNtNtB4_7structs7Width32ECsiyVaUKbNjcY_10wasm_tests
FN:57,_RINvNtCs3YYFpeUFfny_8crc_fast9algorithm6updateNtNtNtNtB4_4arch7aarch643aes13Aarch64AesOpsNtNtB4_7structs7Width64ECsiyVaUKbNjcY_10wasm_tests
FN:57,_RINvNtCs3YYFpeUFfny_8crc_fast9algorithm6updateNtNtNtNtB4_4arch7aarch648aes_sha317Aarch64AesSha3OpsNtNtB4_7structs7Width32ECsiyVaUKbNjcY_10wasm_tests
FN:57,_RINvNtCs3YYFpeUFfny_8crc_fast9algorithm6updateNtNtNtNtB4_4arch7aarch648aes_sha317Aarch64AesSha3OpsNtNtB4_7structs7Width64ECsiyVaUKbNjcY_10wasm_tests
FNDA:0,_RINvNtCs3YYFpeUFfny_8crc_fast9algorithm6updateNtNtNtNtB4_4arch7aarch643aes13Aarch64AesOpsNtNtB4_7structs7Width32EB4_
FNDA:0,_RINvNtCs3YYFpeUFfny_8crc_fast9algorithm6updateNtNtNtNtB4_4arch7aarch643aes13Aarch64AesOpsNtNtB4_7structs7Width64EB4_
FNDA:0,_RINvNtCs3YYFpeUFfny_8crc_fast9algorithm6updateNtNtNtNtB4_4arch7aarch648aes_sha317Aarch64AesSha3OpsNtNtB4_7structs7Width32EB4_
FNDA:0,_RINvNtCs3YYFpeUFfny_8crc_fast9algorithm6updateNtNtNtNtB4_4arch7aarch648aes_sha317Aarch64AesSha3OpsNtNtB4_7structs7Width64EB4_
FNDA:29,_RNvNtCs3YYFpeUFfny_8crc_fast9algorithm18extract_keys_array
FNDA:0,_RINvNtCs3YYFpeUFfny_8crc_fast9algorithm12fold_and_xorNtNtNtNtB4_4arch7aarch643aes13Aarch64AesOpsNtNtB4_7structs7Width32EB4_
FNDA:0,_RINvNtCs3YYFpeUFfny_8crc_fast9algorithm12fold_and_xorNtNtNtNtB4_4arch7aarch643aes13Aarch64AesOpsNtNtB4_7structs7Width64EB4_
FNDA:0,_RINvNtCs3YYFpeUFfny_8crc_fast9algorithm12fold_and_xorNtNtNtNtB4_4arch7aarch648aes_sha317Aarch64AesSha3OpsNtNtB4_7structs7Width32EB4_
FNDA:0,_RINvNtCs3YYFpeUFfny_8crc_fast9algorithm12fold_and_xorNtNtNtNtB4_4arch7aarch648aes_sha317Aarch64AesSha3OpsNtNtB4_7structs7Width64EB4_
FNDA:0,_RINvNtCs3YYFpeUFfny_8crc_fast9algorithm13reflect_bytesNtNtNtNtB4_4arch7aarch643aes13Aarch64AesOpsEB4_
FNDA:521,_RINvNtCs3YYFpeUFfny_8crc_fast9algorithm13reflect_bytesNtNtNtNtB4_4arch7aarch648aes_sha317Aarch64AesSha3OpsEB4_
FNDA:0,_RINvNtCs3YYFpeUFfny_8crc_fast9algorithm16process_17_to_31NtNtNtNtB4_4arch7aarch643aes13Aarch64AesOpsNtNtB4_7structs7Width32EB4_
FNDA:0,_RINvNtCs3YYFpeUFfny_8crc_fast9algorithm16process_17_to_31NtNtNtNtB4_4arch7aarch643aes13Aarch64AesOpsNtNtB4_7structs7Width64EB4_
FNDA:0,_RINvNtCs3YYFpeUFfny_8crc_fast9algorithm16process_17_to_31NtNtNtNtB4_4arch7aarch648aes_sha317Aarch64AesSha3OpsNtNtB4_7structs7Width32EB4_
FNDA:0,_RINvNtCs3YYFpeUFfny_8crc_fast9algorithm16process_17_to_31NtNtNtNtB4_4arch7aarch648aes_sha317Aarch64AesSha3OpsNtNtB4_7structs7Width64EB4_
FNDA:0,_RINvNtCs3YYFpeUFfny_8crc_fast9algorithm17get_last_two_xmmsNtNtNtNtB4_4arch7aarch643aes13Aarch64AesOpsNtNtB4_7structs7Width32EB4_
FNDA:0,_RINvNtCs3YYFpeUFfny_8crc_fast9algorithm17get_last_two_xmmsNtNtNtNtB4_4arch7aarch643aes13Aarch64AesOpsNtNtB4_7structs7Width64EB4_
FNDA:0,_RINvNtCs3YYFpeUFfny_8crc_fast9algorithm17get_last_two_xmmsNtNtNtNtB4_4arch7aarch648aes_sha317Aarch64AesSha3OpsNtNtB4_7structs7Width32EB4_
FNDA:0,_RINvNtCs3YYFpeUFfny_8crc_fast9algorithm17get_last_two_xmmsNtNtNtNtB4_4arch7aarch648aes_sha317Aarch64AesSha3OpsNtNtB4_7structs7Width64EB4_
FNDA:0,_RINvNtCs3YYFpeUFfny_8crc_fast9algorithm17process_32_to_255NtNtNtNtB4_4arch7aarch643aes13Aarch64AesOpsNtNtB4_7structs7Width32EB4_
FNDA:0,_RINvNtCs3YYFpeUFfny_8crc_fast9algorithm17process_32_to_255NtNtNtNtB4_4arch7aarch643aes13Aarch64AesOpsNtNtB4_7structs7Width64EB4_
FNDA:0,_RINvNtCs3YYFpeUFfny_8crc_fast9algorithm17process_32_to_255NtNtNtNtB4_4arch7aarch648aes_sha317Aarch64AesSha3OpsNtNtB4_7structs7Width32EB4_
FNDA:0,_RINvNtCs3YYFpeUFfny_8crc_fast9algorithm17process_32_to_255NtNtNtNtB4_4arch7aarch648aes_sha317Aarch64AesSha3OpsNtNtB4_7structs7Width64EB4_
FNDA:0,_RINvNtCs3YYFpeUFfny_8crc_fast9algorithm18process_exactly_16NtNtNtNtB4_4arch7aarch643aes13Aarch64AesOpsNtNtB4_7structs7Width32EB4_
FNDA:0,_RINvNtCs3YYFpeUFfny_8crc_fast9algorithm18process_exactly_16NtNtNtNtB4_4arch7aarch643aes13Aarch64AesOpsNtNtB4_7structs7Width64EB4_
FNDA:0,_RINvNtCs3YYFpeUFfny_8crc_fast9algorithm18process_exactly_16NtNtNtNtB4_4arch7aarch648aes_sha317Aarch64AesSha3OpsNtNtB4_7structs7Width32EB4_
FNDA:0,_RINvNtCs3YYFpeUFfny_8crc_fast9algorithm18process_exactly_16NtNtNtNtB4_4arch7aarch648aes_sha317Aarch64AesSha3OpsNtNtB4_7structs7Width64EB4_
FNDA:0,_RINvNtCs3YYFpeUFfny_8crc_fast9algorithm19process_by_strategyNtNtNtNtB4_4arch7aarch643aes13Aarch64AesOpsNtNtB4_7structs7Width32EB4_
FNDA:0,_RINvNtCs3YYFpeUFfny_8crc_fast9algorithm19process_by_strategyNtNtNtNtB4_4arch7aarch643aes13Aarch64AesOpsNtNtB4_7structs7Width64EB4_
FNDA:6,_RINvNtCs3YYFpeUFfny_8crc_fast9algorithm19process_by_strategyNtNtNtNtB4_4arch7aarch648aes_sha317Aarch64AesSha3OpsNtNtB4_7structs7Width32EB4_
FNDA:22,_RINvNtCs3YYFpeUFfny_8crc_fast9algorithm19process_by_strategyNtNtNtNtB4_4arch7aarch648aes_sha317Aarch64AesSha3OpsNtNtB4_7structs7Width64EB4_
FNDA:0,_RINvNtCs3YYFpeUFfny_8crc_fast9algorithm19process_simd_chunksNtNtNtNtB4_4arch7aarch643aes13Aarch64AesOpsNtNtB4_7structs7Width32EB4_
FNDA:0,_RINvNtCs3YYFpeUFfny_8crc_fast9algorithm19process_simd_chunksNtNtNtNtB4_4arch7aarch643aes13Aarch64AesOpsNtNtB4_7structs7Width64EB4_
FNDA:0,_RINvNtCs3YYFpeUFfny_8crc_fast9algorithm19process_simd_chunksNtNtNtNtB4_4arch7aarch648aes_sha317Aarch64AesSha3OpsNtNtB4_7structs7Width32EB4_
FNDA:1,_RINvNtCs3YYFpeUFfny_8crc_fast9algorithm19process_simd_chunksNtNtNtNtB4_4arch7aarch648aes_sha317Aarch64AesSha3OpsNtNtB4_7structs7Width64EB4_
FNDA:0,_RINvNtCs3YYFpeUFfny_8crc_fast9algorithm21process_16_byte_blockNtNtNtNtB4_4arch7aarch643aes13Aarch64AesOpsEB4_
FNDA:0,_RINvNtCs3YYFpeUFfny_8crc_fast9algorithm21process_16_byte_blockNtNtNtNtB4_4arch7aarch648aes_sha317Aarch64AesSha3OpsEB4_
FNDA:0,_RINvNtCs3YYFpeUFfny_8crc_fast9algorithm21process_large_alignedNtNtNtNtB4_4arch7aarch643aes13Aarch64AesOpsNtNtB4_7structs7Width32EB4_
FNDA:0,_RINvNtCs3YYFpeUFfny_8crc_fast9algorithm21process_large_alignedNtNtNtNtB4_4arch7aarch643aes13Aarch64AesOpsNtNtB4_7structs7Width64EB4_
FNDA:0,_RINvNtCs3YYFpeUFfny_8crc_fast9algorithm21process_large_alignedNtNtNtNtB4_4arch7aarch648aes_sha317Aarch64AesSha3OpsNtNtB4_7structs7Width32EB4_
FNDA:1,_RINvNtCs3YYFpeUFfny_8crc_fast9algorithm21process_large_alignedNtNtNtNtB4_4arch7aarch648aes_sha317Aarch64AesSha3OpsNtNtB4_7structs7Width64EB4_
FNDA:0,_RINvNtCs3YYFpeUFfny_8crc_fast9algorithm6updateNtNtNtNtB4_4arch7aarch643aes13Aarch64AesOpsNtNtB4_7structs7Width32ECsa96wfuC4ae_8checksum
FNDA:0,_RINvNtCs3YYFpeUFfny_8crc_fast9algorithm6updateNtNtNtNtB4_4arch7aarch643aes13Aarch64AesOpsNtNtB4_7structs7Width64ECsa96wfuC4ae_8checksum
FNDA:0,_RINvNtCs3YYFpeUFfny_8crc_fast9algorithm6updateNtNtNtNtB4_4arch7aarch648aes_sha317Aarch64AesSha3OpsNtNtB4_7structs7Width32ECsa96wfuC4ae_8checksum
FNDA:0,_RINvNtCs3YYFpeUFfny_8crc_fast9algorithm6updateNtNtNtNtB4_4arch7aarch648aes_sha317Aarch64AesSha3OpsNtNtB4_7structs7Width64ECsa96wfuC4ae_8checksum
FNDA:0,_RINvNtCs3YYFpeUFfny_8crc_fast9algorithm6updateNtNtNtNtB4_4arch7aarch643aes13Aarch64AesOpsNtNtB4_7structs7Width32ECseaXugnuoQ7h_8checksum
FNDA:0,_RINvNtCs3YYFpeUFfny_8crc_fast9algorithm6updateNtNtNtNtB4_4arch7aarch643aes13Aarch64AesOpsNtNtB4_7structs7Width64ECseaXugnuoQ7h_8checksum
FNDA:0,_RINvNtCs3YYFpeUFfny_8crc_fast9algorithm6updateNtNtNtNtB4_4arch7aarch648aes_sha317Aarch64AesSha3OpsNtNtB4_7structs7Width32ECseaXugnuoQ7h_8checksum
FNDA:0,_RINvNtCs3YYFpeUFfny_8crc_fast9algorithm6updateNtNtNtNtB4_4arch7aarch648aes_sha317Aarch64AesSha3OpsNtNtB4_7structs7Width64ECseaXugnuoQ7h_8checksum
FNDA:0,_RINvNtCscwG700SpbJM_8crc_fast9algorithm12fold_and_xorNtNtNtNtB4_4arch7aarch643aes13Aarch64AesOpsNtNtB4_7structs7Width32EB4_
FNDA:0,_RINvNtCscwG700SpbJM_8crc_fast9algorithm12fold_and_xorNtNtNtNtB4_4arch7aarch643aes13Aarch64AesOpsNtNtB4_7structs7Width64EB4_
FNDA:59280,_RINvNtCscwG700SpbJM_8crc_fast9algorithm12fold_and_xorNtNtNtNtB4_4arch7aarch648aes_sha317Aarch64AesSha3OpsNtNtB4_7structs7Width32EB4_
FNDA:37743,_RINvNtCscwG700SpbJM_8crc_fast9algorithm12fold_and_xorNtNtNtNtB4_4arch7aarch648aes_sha317Aarch64AesSha3OpsNtNtB4_7structs7Width64EB4_
FNDA:0,_RINvNtCscwG700SpbJM_8crc_fast9algorithm13reflect_bytesNtNtNtNtB4_4arch7aarch643aes13Aarch64AesOpsEB4_
FNDA:7141712,_RINvNtCscwG700SpbJM_8crc_fast9algorithm13reflect_bytesNtNtNtNtB4_4arch7aarch648aes_sha317Aarch64AesSha3OpsEB4_
FNDA:0,_RINvNtCscwG700SpbJM_8crc_fast9algorithm16process_17_to_31NtNtNtNtB4_4arch7aarch643aes13Aarch64AesOpsNtNtB4_7structs7Width32EB4_
FNDA:0,_RINvNtCscwG700SpbJM_8crc_fast9algorithm16process_17_to_31NtNtNtNtB4_4arch7aarch643aes13Aarch64AesOpsNtNtB4_7structs7Width64EB4_
FNDA:2640,_RINvNtCscwG700SpbJM_8crc_fast9algorithm16process_17_to_31NtNtNtNtB4_4arch7aarch648aes_sha317Aarch64AesSha3OpsNtNtB4_7structs7Width32EB4_
FNDA:1680,_RINvNtCscwG700SpbJM_8crc_fast9algorithm16process_17_to_31NtNtNtNtB4_4arch7aarch648aes_sha317Aarch64AesSha3OpsNtNtB4_7structs7Width64EB4_
FNDA:0,_RINvNtCscwG700SpbJM_8crc_fast9algorithm17get_last_two_xmmsNtNtNtNtB4_4arch7aarch643aes13Aarch64AesOpsNtNtB4_7structs7Width32EB4_
FNDA:0,_RINvNtCscwG700SpbJM_8crc_fast9algorithm17get_last_two_xmmsNtNtNtNtB4_4arch7aarch643aes13Aarch64AesOpsNtNtB4_7structs7Width64EB4_
FNDA:18504,_RINvNtCscwG700SpbJM_8crc_fast9algorithm17get_last_two_xmmsNtNtNtNtB4_4arch7aarch648aes_sha317Aarch64AesSha3OpsNtNtB4_7structs7Width32EB4_
FNDA:11778,_RINvNtCscwG700SpbJM_8crc_fast9algorithm17get_last_two_xmmsNtNtNtNtB4_4arch7aarch648aes_sha317Aarch64AesSha3OpsNtNtB4_7structs7Width64EB4_
FNDA:0,_RINvNtCscwG700SpbJM_8crc_fast9algorithm17process_32_to_255NtNtNtNtB4_4arch7aarch643aes13Aarch64AesOpsNtNtB4_7structs7Width32EB4_
FNDA:0,_RINvNtCscwG700SpbJM_8crc_fast9algorithm17process_32_to_255NtNtNtNtB4_4arch7aarch643aes13Aarch64AesOpsNtNtB4_7structs7Width64EB4_
FNDA:16920,_RINvNtCscwG700SpbJM_8crc_fast9algorithm17process_32_to_255NtNtNtNtB4_4arch7aarch648aes_sha317Aarch64AesSha3OpsNtNtB4_7structs7Width32EB4_
FNDA:10773,_RINvNtCscwG700SpbJM_8crc_fast9algorithm17process_32_to_255NtNtNtNtB4_4arch7aarch648aes_sha317Aarch64AesSha3OpsNtNtB4_7structs7Width64EB4_
FNDA:0,_RINvNtCscwG700SpbJM_8crc_fast9algorithm18process_exactly_16NtNtNtNtB4_4arch7aarch643aes13Aarch64AesOpsNtNtB4_7structs7Width32EB4_
FNDA:0,_RINvNtCscwG700SpbJM_8crc_fast9algorithm18process_exactly_16NtNtNtNtB4_4arch7aarch643aes13Aarch64AesOpsNtNtB4_7structs7Width64EB4_
FNDA:176,_RINvNtCscwG700SpbJM_8crc_fast9algorithm18process_exactly_16NtNtNtNtB4_4arch7aarch648aes_sha317Aarch64AesSha3OpsNtNtB4_7structs7Width32EB4_
FNDA:112,_RINvNtCscwG700SpbJM_8crc_fast9algorithm18process_exactly_16NtNtNtNtB4_4arch7aarch648aes_sha317Aarch64AesSha3OpsNtNtB4_7structs7Width64EB4_
FNDA:0,_RINvNtCscwG700SpbJM_8crc_fast9algorithm19process_by_strategyNtNtNtNtB4_4arch7aarch643aes13Aarch64AesOpsNtNtB4_7structs7Width32EB4_
FNDA:0,_RINvNtCscwG700SpbJM_8crc_fast9algorithm19process_by_strategyNtNtNtNtB4_4arch7aarch643aes13Aarch64AesOpsNtNtB4_7structs7Width64EB4_
FNDA:22564,_RINvNtCscwG700SpbJM_8crc_fast9algorithm19process_by_strategyNtNtNtNtB4_4arch7aarch648aes_sha317Aarch64AesSha3OpsNtNtB4_7structs7Width32EB4_
FNDA:14385,_RINvNtCscwG700SpbJM_8crc_fast9algorithm19process_by_strategyNtNtNtNtB4_4arch7aarch648aes_sha317Aarch64AesSha3OpsNtNtB4_7structs7Width64EB4_
FNDA:0,_RINvNtCscwG700SpbJM_8crc_fast9algorithm19process_simd_chunksNtNtNtNtB4_4arch7aarch643aes13Aarch64AesOpsNtNtB4_7structs7Width32EB4_
FNDA:0,_RINvNtCscwG700SpbJM_8crc_fast9algorithm19process_simd_chunksNtNtNtNtB4_4arch7aarch643aes13Aarch64AesOpsNtNtB4_7structs7Width64EB4_
FNDA:19838,_RINvNtCscwG700SpbJM_8crc_fast9algorithm19process_simd_chunksNtNtNtNtB4_4arch7aarch648aes_sha317Aarch64AesSha3OpsNtNtB4_7structs7Width32EB4_
FNDA:12629,_RINvNtCscwG700SpbJM_8crc_fast9algorithm19process_simd_chunksNtNtNtNtB4_4arch7aarch648aes_sha317Aarch64AesSha3OpsNtNtB4_7structs7Width64EB4_
FNDA:0,_RINvNtCscwG700SpbJM_8crc_fast9algorithm21process_16_byte_blockNtNtNtNtB4_4arch7aarch643aes13Aarch64AesOpsEB4_
FNDA:32301,_RINvNtCscwG700SpbJM_8crc_fast9algorithm21process_16_byte_blockNtNtNtNtB4_4arch7aarch648aes_sha317Aarch64AesSha3OpsEB4_
FNDA:0,_RINvNtCscwG700SpbJM_8crc_fast9algorithm21process_large_alignedNtNtNtNtB4_4arch7aarch643aes13Aarch64AesOpsNtNtB4_7structs7Width32EB4_
FNDA:0,_RINvNtCscwG700SpbJM_8crc_fast9algorithm21process_large_alignedNtNtNtNtB4_4arch7aarch643aes13Aarch64AesOpsNtNtB4_7structs7Width64EB4_
FNDA:19838,_RINvNtCscwG700SpbJM_8crc_fast9algorithm21process_large_alignedNtNtNtNtB4_4arch7aarch648aes_sha317Aarch64AesSha3OpsNtNtB4_7structs7Width32EB4_
FNDA:12629,_RINvNtCscwG700SpbJM_8crc_fast9algorithm21process_large_alignedNtNtNtNtB4_4arch7aarch648aes_sha317Aarch64AesSha3OpsNtNtB4_7structs7Width64EB4_
FNDA:0,_RINvNtCscwG700SpbJM_8crc_fast9algorithm6updateNtNtNtNtB4_4arch7aarch643aes13Aarch64AesOpsNtNtB4_7structs7Width32EB4_
FNDA:0,_RINvNtCscwG700SpbJM_8crc_fast9algorithm6updateNtNtNtNtB4_4arch7aarch643aes13Aarch64AesOpsNtNtB4_7structs7Width64EB4_
FNDA:22818,_RINvNtCscwG700SpbJM_8crc_fast9algorithm6updateNtNtNtNtB4_4arch7aarch648aes_sha317Aarch64AesSha3OpsNtNtB4_7structs7Width32EB4_
FNDA:14547,_RINvNtCscwG700SpbJM_8crc_fast9algorithm6updateNtNtNtNtB4_4arch7aarch648aes_sha317Aarch64AesSha3OpsNtNtB4_7structs7Width64EB4_
FNDA:37345,_RNvNtCscwG700SpbJM_8crc_fast9algorithm18extract_keys_array
FNDA:0,_RINvNtCs3YYFpeUFfny_8crc_fast9algorithm6updateNtNtNtNtB4_4arch7aarch643aes13Aarch64AesOpsNtNtB4_7structs7Width32ECs4dsW9QDrSvF_12no_std_tests
FNDA:0,_RINvNtCs3YYFpeUFfny_8crc_fast9algorithm6updateNtNtNtNtB4_4arch7aarch643aes13Aarch64AesOpsNtNtB4_7structs7Width64ECs4dsW9QDrSvF_12no_std_tests
FNDA:3,_RINvNtCs3YYFpeUFfny_8crc_fast9algorithm6updateNtNtNtNtB4_4arch7aarch648aes_sha317Aarch64AesSha3OpsNtNtB4_7structs7Width32ECs4dsW9QDrSvF_12no_std_tests
FNDA:14,_RINvNtCs3YYFpeUFfny_8crc_fast9algorithm6updateNtNtNtNtB4_4arch7aarch648aes_sha317Aarch64AesSha3OpsNtNtB4_7structs7Width64ECs4dsW9QDrSvF_12no_std_tests
FNDA:0,_RINvNtCs3YYFpeUFfny_8crc_fast9algorithm6updateNtNtNtNtB4_4arch7aarch643aes13Aarch64AesOpsNtNtB4_7structs7Width32ECsiyVaUKbNjcY_10wasm_tests
FNDA:0,_RINvNtCs3YYFpeUFfny_8crc_fast9algorithm6updateNtNtNtNtB4_4arch7aarch643aes13Aarch64AesOpsNtNtB4_7structs7Width64ECsiyVaUKbNjcY_10wasm_tests
FNDA:3,_RINvNtCs3YYFpeUFfny_8crc_fast9algorithm6updateNtNtNtNtB4_4arch7aarch648aes_sha317Aarch64AesSha3OpsNtNtB4_7structs7Width32ECsiyVaUKbNjcY_10wasm_tests
FNDA:9,_RINvNtCs3YYFpeUFfny_8crc_fast9algorithm6updateNtNtNtNtB4_4arch7aarch648aes_sha317Aarch64AesSha3OpsNtNtB4_7structs7Width64ECsiyVaUKbNjcY_10wasm_tests
FNF:12
FNH:12
DA:27,37374
DA:28,37374
DA:29,37374
DA:30,37374
DA:31,37374
DA:32,37374
DA:33,37374
DA:34,37374
DA:35,37374
DA:36,37374
DA:37,37374
DA:38,37374
DA:39,37374
DA:40,37374
DA:41,37374
DA:42,37374
DA:43,37374
DA:44,37374
DA:45,37374
DA:46,37374
DA:47,37374
DA:48,37374
DA:49,37374
DA:50,37374
DA:51,37374
DA:52,37374
DA:53,37374
DA:57,37394
DA:58,37394
DA:59,37394
DA:60,37394
DA:61,37394
DA:62,37394
DA:63,37394
DA:64,37394
DA:66,37394
DA:67,37394
DA:68,20
DA:69,37374
DA:72,37374
DA:73,22839
DA:76,14535
DA:77,14535
DA:81,37374
DA:86,37374
DA:88,4906
DA:89,4906
DA:90,4906
DA:91,4906
DA:92,4906
DA:93,4906
DA:94,4906
DA:95,4906
DA:97,32468
DA:100,32468
DA:101,32468
DA:102,32468
DA:103,32468
DA:104,32468
DA:105,32468
DA:107,37394
DA:116,36977
DA:117,36977
DA:118,36977
DA:119,36977
DA:120,36977
DA:121,36977
DA:122,36977
DA:123,36977
DA:124,36977
DA:125,36977
DA:127,36977
DA:128,4676
DA:129,2834
DA:130,1842
DA:131,0
DA:134,288
DA:137,4320
DA:140,27693
DA:143,36977
DA:152,32468
DA:153,32468
DA:154,32468
DA:155,32468
DA:156,32468
DA:157,32468
DA:158,32468
DA:159,32468
DA:160,32468
DA:163,32468
DA:165,32468
DA:166,32468
DA:167,6
DA:168,6
DA:169,6
DA:170,6
DA:171,6
DA:172,6
DA:173,32462
DA:176,32468
DA:177,27859
DA:178,32468
DA:179,32468
DA:180,32468
DA:183,32468
DA:184,32065
DA:186,32065
DA:187,403
DA:190,403
DA:191,0
DA:194,0
DA:195,0
DA:196,32468
DA:205,32468
DA:206,32468
DA:207,32468
DA:208,32468
DA:209,32468
DA:210,32468
DA:211,32468
DA:212,32468
DA:213,32468
DA:216,32468
DA:219,292212
DA:220,259744
DA:221,259744
DA:224,32468
DA:227,32468
DA:230,876386
DA:231,6751344
DA:232,6751344
DA:233,6751344
DA:234,6751344
DA:235,6751344
DA:236,6751344
DA:237,6751344
DA:238,6751344
DA:239,6751344
DA:240,6751344
DA:241,6751344
DA:242,6751344
DA:243,6751344
DA:244,6751344
DA:245,6751344
DA:246,6751344
DA:250,32468
DA:253,32468
DA:254,32468
DA:255,32468
DA:256,32468
DA:257,32468
DA:258,32468
DA:259,32468
DA:260,32468
DA:261,32468
DA:263,227276
DA:264,227276
DA:265,227276
DA:266,227276
DA:267,227276
DA:268,227276
DA:270,227276
DA:274,32468
DA:275,32468
DA:276,32468
DA:285,288
DA:286,288
DA:287,288
DA:288,288
DA:289,288
DA:290,288
DA:291,288
DA:292,288
DA:293,288
DA:296,288
DA:297,288
DA:298,288
DA:299,288
DA:300,288
DA:302,288
DA:311,32301
DA:312,32301
DA:313,32301
DA:314,32301
DA:315,32301
DA:316,32301
DA:317,32301
DA:318,32301
DA:321,32301
DA:322,32301
DA:323,32301
DA:325,32301
DA:334,7142233
DA:335,7142233
DA:336,7142233
DA:337,7142233
DA:338,7142233
DA:339,7142233
DA:340,7142233
DA:342,7142233
DA:343,4388284
DA:344,2753949
DA:346,7142233
DA:355,97023
DA:356,97023
DA:357,97023
DA:358,97023
DA:359,97023
DA:360,97023
DA:361,97023
DA:362,97023
DA:363,97023
DA:366,97023
DA:367,97023
DA:368,97023
DA:369,97023
DA:372,97023
DA:374,97023
DA:375,97023
DA:385,4320
DA:386,4320
DA:387,4320
DA:388,4320
DA:389,4320
DA:390,4320
DA:391,4320
DA:392,4320
DA:393,4320
DA:396,4320
DA:399,4320
DA:402,4320
DA:403,4320
DA:404,4320
DA:405,4320
DA:406,4320
DA:407,4320
DA:408,4320
DA:409,4320
DA:410,4320
DA:411,4320
DA:412,4320
DA:416,4320
DA:417,4320
DA:427,27693
DA:428,27693
DA:429,27693
DA:430,27693
DA:431,27693
DA:432,27693
DA:433,27693
DA:434,27693
DA:435,27693
DA:437,27693
DA:438,27693
DA:441,27693
DA:444,27693
DA:447,124716
DA:448,97023
DA:449,97023
DA:450,97023
DA:451,97023
DA:452,97023
DA:453,97023
DA:454,97023
DA:455,97023
DA:456,97023
DA:457,97023
DA:458,97023
DA:459,97023
DA:460,97023
DA:461,97023
DA:464,27693
DA:465,25962
DA:466,25962
DA:467,25962
DA:468,25962
DA:469,25962
DA:470,25962
DA:471,25962
DA:472,25962
DA:473,25962
DA:474,25962
DA:475,25962
DA:476,25962
DA:477,25962
DA:478,25962
DA:481,27693
DA:482,27693
DA:512,30282
DA:513,30282
DA:514,30282
DA:515,30282
DA:516,30282
DA:517,30282
DA:518,30282
DA:519,30282
DA:520,30282
DA:521,30282
DA:523,30282
DA:524,30282
DA:525,30282
DA:527,30282
DA:528,30282
DA:529,30282
DA:531,30282
DA:533,18506
DA:534,18506
DA:535,18506
DA:536,18506
DA:537,18506
DA:539,18506
DA:541,18506
DA:542,10092
DA:544,10092
DA:546,10092
DA:547,10092
DA:548,10092
DA:549,10092
DA:551,10092
DA:553,8414
DA:555,8414
DA:556,8414
DA:557,8414
DA:558,8414
DA:560,8414
DA:563,18506
DA:565,18506
DA:567,11776
DA:568,11776
DA:570,11776
DA:571,11776
DA:572,11776
DA:574,11776
DA:575,11776
DA:576,11776
DA:577,11776
DA:578,11776
DA:581,11776
DA:582,11776
DA:583,11776
DA:584,11776
DA:586,11776
DA:588,11776
DA:590,30282
BRF:0
BRH:0
LF:344
LH:333
end_of_record
SF:/Users/mr.wolf/loadingalias/crc-fast-rust/src/arch/aarch64/aes.rs
FN:261,_RNvMs_NtNtNtCs3YYFpeUFfny_8crc_fast4arch7aarch643aesNtB4_13Aarch64AesOps13load_key_pairBa_
FN:83,_RNvXNtNtNtCs3YYFpeUFfny_8crc_fast4arch7aarch643aesNtB2_13Aarch64AesOpsNtNtB8_6traits7ArchOps10load_bytesB8_
FN:131,_RNvXNtNtNtCs3YYFpeUFfny_8crc_fast4arch7aarch643aesNtB2_13Aarch64AesOpsNtNtB8_6traits7ArchOps11and_vectorsB8_
FN:77,_RNvXNtNtNtCs3YYFpeUFfny_8crc_fast4arch7aarch643aesNtB2_13Aarch64AesOpsNtNtB8_6traits7ArchOps11xor_vectorsB8_
FN:63,_RNvXNtNtNtCs3YYFpeUFfny_8crc_fast4arch7aarch643aesNtB2_13Aarch64AesOpsNtNtB8_6traits7ArchOps12extract_u64sB8_
FN:89,_RNvXNtNtNtCs3YYFpeUFfny_8crc_fast4arch7aarch643aesNtB2_13Aarch64AesOpsNtNtB8_6traits7ArchOps12load_alignedB8_
FN:163,_RNvXNtNtNtCs3YYFpeUFfny_8crc_fast4arch7aarch643aesNtB2_13Aarch64AesOpsNtNtB8_6traits7ArchOps12shift_left_4B8_
FN:113,_RNvXNtNtNtCs3YYFpeUFfny_8crc_fast4arch7aarch643aesNtB2_13Aarch64AesOpsNtNtB8_6traits7ArchOps12shift_left_8B8_
FN:248,_RNvXNtNtNtCs3YYFpeUFfny_8crc_fast4arch7aarch643aesNtB2_13Aarch64AesOpsNtNtB8_6traits7ArchOps12xor3_vectorsB8_
FN:101,_RNvXNtNtNtCs3YYFpeUFfny_8crc_fast4arch7aarch643aesNtB2_13Aarch64AesOpsNtNtB8_6traits7ArchOps13blend_vectorsB8_
FN:119,_RNvXNtNtNtCs3YYFpeUFfny_8crc_fast4arch7aarch643aesNtB2_13Aarch64AesOpsNtNtB8_6traits7ArchOps13set_all_bytesB8_
FN:205,_RNvXNtNtNtCs3YYFpeUFfny_8crc_fast4arch7aarch643aesNtB2_13Aarch64AesOpsNtNtB8_6traits7ArchOps13shift_left_12B8_
FN:181,_RNvXNtNtNtCs3YYFpeUFfny_8crc_fast4arch7aarch643aesNtB2_13Aarch64AesOpsNtNtB8_6traits7ArchOps13shift_right_5B8_
FN:187,_RNvXNtNtNtCs3YYFpeUFfny_8crc_fast4arch7aarch643aesNtB2_13Aarch64AesOpsNtNtB8_6traits7ArchOps13shift_right_6B8_
FN:193,_RNvXNtNtNtCs3YYFpeUFfny_8crc_fast4arch7aarch643aesNtB2_13Aarch64AesOpsNtNtB8_6traits7ArchOps13shift_right_7B8_
FN:175,_RNvXNtNtNtCs3YYFpeUFfny_8crc_fast4arch7aarch643aesNtB2_13Aarch64AesOpsNtNtB8_6traits7ArchOps13shift_right_8B8_
FN:95,_RNvXNtNtNtCs3YYFpeUFfny_8crc_fast4arch7aarch643aesNtB2_13Aarch64AesOpsNtNtB8_6traits7ArchOps13shuffle_bytesB8_
FN:199,_RNvXNtNtNtCs3YYFpeUFfny_8crc_fast4arch7aarch643aesNtB2_13Aarch64AesOpsNtNtB8_6traits7ArchOps14shift_right_12B8_
FN:213,_RNvXNtNtNtCs3YYFpeUFfny_8crc_fast4arch7aarch643aesNtB2_13Aarch64AesOpsNtNtB8_6traits7ArchOps16carryless_mul_00B8_
FN:222,_RNvXNtNtNtCs3YYFpeUFfny_8crc_fast4arch7aarch643aesNtB2_13Aarch64AesOpsNtNtB8_6traits7ArchOps16carryless_mul_01B8_
FN:230,_RNvXNtNtNtCs3YYFpeUFfny_8crc_fast4arch7aarch643aesNtB2_13Aarch64AesOpsNtNtB8_6traits7ArchOps16carryless_mul_10B8_
FN:239,_RNvXNtNtNtCs3YYFpeUFfny_8crc_fast4arch7aarch643aesNtB2_13Aarch64AesOpsNtNtB8_6traits7ArchOps16carryless_mul_11B8_
FN:125,_RNvXNtNtNtCs3YYFpeUFfny_8crc_fast4arch7aarch643aesNtB2_13Aarch64AesOpsNtNtB8_6traits7ArchOps19create_compare_maskB8_
FN:149,_RNvXNtNtNtCs3YYFpeUFfny_8crc_fast4arch7aarch643aesNtB2_13Aarch64AesOpsNtNtB8_6traits7ArchOps22create_vector_from_u32B8_
FN:50,_RNvXNtNtNtCs3YYFpeUFfny_8crc_fast4arch7aarch643aesNtB2_13Aarch64AesOpsNtNtB8_6traits7ArchOps22create_vector_from_u64B8_
FN:24,_RNvXNtNtNtCs3YYFpeUFfny_8crc_fast4arch7aarch643aesNtB2_13Aarch64AesOpsNtNtB8_6traits7ArchOps27create_vector_from_u64_pairB8_
FN:40,_RNvXNtNtNtCs3YYFpeUFfny_8crc_fast4arch7aarch643aesNtB2_13Aarch64AesOpsNtNtB8_6traits7ArchOps41create_vector_from_u64_pair_non_reflectedB8_
FN:89,_RNvXNtNtNtCs3YYFpeUFfny_8crc_fast4arch7aarch643aesNtB2_13Aarch64AesOpsNtNtB8_6traits7ArchOps12load_alignedCsa96wfuC4ae_8checksum
FN:149,_RNvXNtNtNtCs3YYFpeUFfny_8crc_fast4arch7aarch643aesNtB2_13Aarch64AesOpsNtNtB8_6traits7ArchOps22create_vector_from_u32Csa96wfuC4ae_8checksum
FN:50,_RNvXNtNtNtCs3YYFpeUFfny_8crc_fast4arch7aarch643aesNtB2_13Aarch64AesOpsNtNtB8_6traits7ArchOps22create_vector_from_u64Csa96wfuC4ae_8checksum
FN:89,_RNvXNtNtNtCs3YYFpeUFfny_8crc_fast4arch7aarch643aesNtB2_13Aarch64AesOpsNtNtB8_6traits7ArchOps12load_alignedCseaXugnuoQ7h_8checksum
FN:149,_RNvXNtNtNtCs3YYFpeUFfny_8crc_fast4arch7aarch643aesNtB2_13Aarch64AesOpsNtNtB8_6traits7ArchOps22create_vector_from_u32CseaXugnuoQ7h_8checksum
FN:50,_RNvXNtNtNtCs3YYFpeUFfny_8crc_fast4arch7aarch643aesNtB2_13Aarch64AesOpsNtNtB8_6traits7ArchOps22create_vector_from_u64CseaXugnuoQ7h_8checksum
FN:261,_RNvMs_NtNtNtCscwG700SpbJM_8crc_fast4arch7aarch643aesNtB4_13Aarch64AesOps13load_key_pairBa_
FN:83,_RNvXNtNtNtCscwG700SpbJM_8crc_fast4arch7aarch643aesNtB2_13Aarch64AesOpsNtNtB8_6traits7ArchOps10load_bytesB8_
FN:131,_RNvXNtNtNtCscwG700SpbJM_8crc_fast4arch7aarch643aesNtB2_13Aarch64AesOpsNtNtB8_6traits7ArchOps11and_vectorsB8_
FN:77,_RNvXNtNtNtCscwG700SpbJM_8crc_fast4arch7aarch643aesNtB2_13Aarch64AesOpsNtNtB8_6traits7ArchOps11xor_vectorsB8_
FN:63,_RNvXNtNtNtCscwG700SpbJM_8crc_fast4arch7aarch643aesNtB2_13Aarch64AesOpsNtNtB8_6traits7ArchOps12extract_u64sB8_
FN:89,_RNvXNtNtNtCscwG700SpbJM_8crc_fast4arch7aarch643aesNtB2_13Aarch64AesOpsNtNtB8_6traits7ArchOps12load_alignedB8_
FN:163,_RNvXNtNtNtCscwG700SpbJM_8crc_fast4arch7aarch643aesNtB2_13Aarch64AesOpsNtNtB8_6traits7ArchOps12shift_left_4B8_
FN:113,_RNvXNtNtNtCscwG700SpbJM_8crc_fast4arch7aarch643aesNtB2_13Aarch64AesOpsNtNtB8_6traits7ArchOps12shift_left_8B8_
FN:248,_RNvXNtNtNtCscwG700SpbJM_8crc_fast4arch7aarch643aesNtB2_13Aarch64AesOpsNtNtB8_6traits7ArchOps12xor3_vectorsB8_
FN:101,_RNvXNtNtNtCscwG700SpbJM_8crc_fast4arch7aarch643aesNtB2_13Aarch64AesOpsNtNtB8_6traits7ArchOps13blend_vectorsB8_
FN:119,_RNvXNtNtNtCscwG700SpbJM_8crc_fast4arch7aarch643aesNtB2_13Aarch64AesOpsNtNtB8_6traits7ArchOps13set_all_bytesB8_
FN:205,_RNvXNtNtNtCscwG700SpbJM_8crc_fast4arch7aarch643aesNtB2_13Aarch64AesOpsNtNtB8_6traits7ArchOps13shift_left_12B8_
FN:181,_RNvXNtNtNtCscwG700SpbJM_8crc_fast4arch7aarch643aesNtB2_13Aarch64AesOpsNtNtB8_6traits7ArchOps13shift_right_5B8_
FN:187,_RNvXNtNtNtCscwG700SpbJM_8crc_fast4arch7aarch643aesNtB2_13Aarch64AesOpsNtNtB8_6traits7ArchOps13shift_right_6B8_
FN:193,_RNvXNtNtNtCscwG700SpbJM_8crc_fast4arch7aarch643aesNtB2_13Aarch64AesOpsNtNtB8_6traits7ArchOps13shift_right_7B8_
FN:175,_RNvXNtNtNtCscwG700SpbJM_8crc_fast4arch7aarch643aesNtB2_13Aarch64AesOpsNtNtB8_6traits7ArchOps13shift_right_8B8_
FN:95,_RNvXNtNtNtCscwG700SpbJM_8crc_fast4arch7aarch643aesNtB2_13Aarch64AesOpsNtNtB8_6traits7ArchOps13shuffle_bytesB8_
FN:199,_RNvXNtNtNtCscwG700SpbJM_8crc_fast4arch7aarch643aesNtB2_13Aarch64AesOpsNtNtB8_6traits7ArchOps14shift_right_12B8_
FN:213,_RNvXNtNtNtCscwG700SpbJM_8crc_fast4arch7aarch643aesNtB2_13Aarch64AesOpsNtNtB8_6traits7ArchOps16carryless_mul_00B8_
FN:222,_RNvXNtNtNtCscwG700SpbJM_8crc_fast4arch7aarch643aesNtB2_13Aarch64AesOpsNtNtB8_6traits7ArchOps16carryless_mul_01B8_
FN:230,_RNvXNtNtNtCscwG700SpbJM_8crc_fast4arch7aarch643aesNtB2_13Aarch64AesOpsNtNtB8_6traits7ArchOps16carryless_mul_10B8_
FN:239,_RNvXNtNtNtCscwG700SpbJM_8crc_fast4arch7aarch643aesNtB2_13Aarch64AesOpsNtNtB8_6traits7ArchOps16carryless_mul_11B8_
FN:125,_RNvXNtNtNtCscwG700SpbJM_8crc_fast4arch7aarch643aesNtB2_13Aarch64AesOpsNtNtB8_6traits7ArchOps19create_compare_maskB8_
FN:149,_RNvXNtNtNtCscwG700SpbJM_8crc_fast4arch7aarch643aesNtB2_13Aarch64AesOpsNtNtB8_6traits7ArchOps22create_vector_from_u32B8_
FN:50,_RNvXNtNtNtCscwG700SpbJM_8crc_fast4arch7aarch643aesNtB2_13Aarch64AesOpsNtNtB8_6traits7ArchOps22create_vector_from_u64B8_
FN:24,_RNvXNtNtNtCscwG700SpbJM_8crc_fast4arch7aarch643aesNtB2_13Aarch64AesOpsNtNtB8_6traits7ArchOps27create_vector_from_u64_pairB8_
FN:40,_RNvXNtNtNtCscwG700SpbJM_8crc_fast4arch7aarch643aesNtB2_13Aarch64AesOpsNtNtB8_6traits7ArchOps41create_vector_from_u64_pair_non_reflectedB8_
FN:143,_RNvXNtNtNtCscwG700SpbJM_8crc_fast4arch7aarch643aesNtB2_13Aarch64AesOpsNtNtB8_6traits7ArchOps13shift_left_32B8_
FN:169,_RNvXNtNtNtCscwG700SpbJM_8crc_fast4arch7aarch643aesNtB2_13Aarch64AesOpsNtNtB8_6traits7ArchOps13shift_right_4B8_
FN:137,_RNvXNtNtNtCscwG700SpbJM_8crc_fast4arch7aarch643aesNtB2_13Aarch64AesOpsNtNtB8_6traits7ArchOps14shift_right_32B8_
FN:70,_RNvXNtNtNtCscwG700SpbJM_8crc_fast4arch7aarch643aesNtB2_13Aarch64AesOpsNtNtB8_6traits7ArchOps15extract_poly64sB8_
FN:143,_RNvXNtNtNtCs3YYFpeUFfny_8crc_fast4arch7aarch643aesNtB2_13Aarch64AesOpsNtNtB8_6traits7ArchOps13shift_left_32B8_
FN:169,_RNvXNtNtNtCs3YYFpeUFfny_8crc_fast4arch7aarch643aesNtB2_13Aarch64AesOpsNtNtB8_6traits7ArchOps13shift_right_4B8_
FN:137,_RNvXNtNtNtCs3YYFpeUFfny_8crc_fast4arch7aarch643aesNtB2_13Aarch64AesOpsNtNtB8_6traits7ArchOps14shift_right_32B8_
FN:70,_RNvXNtNtNtCs3YYFpeUFfny_8crc_fast4arch7aarch643aesNtB2_13Aarch64AesOpsNtNtB8_6traits7ArchOps15extract_poly64sB8_
FN:89,_RNvXNtNtNtCs3YYFpeUFfny_8crc_fast4arch7aarch643aesNtB2_13Aarch64AesOpsNtNtB8_6traits7ArchOps12load_alignedCs4dsW9QDrSvF_12no_std_tests
FN:149,_RNvXNtNtNtCs3YYFpeUFfny_8crc_fast4arch7aarch643aesNtB2_13Aarch64AesOpsNtNtB8_6traits7ArchOps22create_vector_from_u32Cs4dsW9QDrSvF_12no_std_tests
FN:50,_RNvXNtNtNtCs3YYFpeUFfny_8crc_fast4arch7aarch643aesNtB2_13Aarch64AesOpsNtNtB8_6traits7ArchOps22create_vector_from_u64Cs4dsW9QDrSvF_12no_std_tests
FN:89,_RNvXNtNtNtCs3YYFpeUFfny_8crc_fast4arch7aarch643aesNtB2_13Aarch64AesOpsNtNtB8_6traits7ArchOps12load_alignedCsiyVaUKbNjcY_10wasm_tests
FN:149,_RNvXNtNtNtCs3YYFpeUFfny_8crc_fast4arch7aarch643aesNtB2_13Aarch64AesOpsNtNtB8_6traits7ArchOps22create_vector_from_u32CsiyVaUKbNjcY_10wasm_tests
FN:50,_RNvXNtNtNtCs3YYFpeUFfny_8crc_fast4arch7aarch643aesNtB2_13Aarch64AesOpsNtNtB8_6traits7ArchOps22create_vector_from_u64CsiyVaUKbNjcY_10wasm_tests
FNDA:66,_RNvMs_NtNtNtCs3YYFpeUFfny_8crc_fast4arch7aarch643aesNtB4_13Aarch64AesOps13load_key_pairBa_
FNDA:68,_RNvXNtNtNtCs3YYFpeUFfny_8crc_fast4arch7aarch643aesNtB2_13Aarch64AesOpsNtNtB8_6traits7ArchOps10load_bytesB8_
FNDA:9,_RNvXNtNtNtCs3YYFpeUFfny_8crc_fast4arch7aarch643aesNtB2_13Aarch64AesOpsNtNtB8_6traits7ArchOps11and_vectorsB8_
FNDA:91,_RNvXNtNtNtCs3YYFpeUFfny_8crc_fast4arch7aarch643aesNtB2_13Aarch64AesOpsNtNtB8_6traits7ArchOps11xor_vectorsB8_
FNDA:30,_RNvXNtNtNtCs3YYFpeUFfny_8crc_fast4arch7aarch643aesNtB2_13Aarch64AesOpsNtNtB8_6traits7ArchOps12extract_u64sB8_
FNDA:18,_RNvXNtNtNtCs3YYFpeUFfny_8crc_fast4arch7aarch643aesNtB2_13Aarch64AesOpsNtNtB8_6traits7ArchOps12load_alignedB8_
FNDA:12,_RNvXNtNtNtCs3YYFpeUFfny_8crc_fast4arch7aarch643aesNtB2_13Aarch64AesOpsNtNtB8_6traits7ArchOps12shift_left_4B8_
FNDA:29,_RNvXNtNtNtCs3YYFpeUFfny_8crc_fast4arch7aarch643aesNtB2_13Aarch64AesOpsNtNtB8_6traits7ArchOps12shift_left_8B8_
FNDA:0,_RNvXNtNtNtCs3YYFpeUFfny_8crc_fast4arch7aarch643aesNtB2_13Aarch64AesOpsNtNtB8_6traits7ArchOps12xor3_vectorsB8_
FNDA:0,_RNvXNtNtNtCs3YYFpeUFfny_8crc_fast4arch7aarch643aesNtB2_13Aarch64AesOpsNtNtB8_6traits7ArchOps13blend_vectorsB8_
FNDA:0,_RNvXNtNtNtCs3YYFpeUFfny_8crc_fast4arch7aarch643aesNtB2_13Aarch64AesOpsNtNtB8_6traits7ArchOps13set_all_bytesB8_
FNDA:0,_RNvXNtNtNtCs3YYFpeUFfny_8crc_fast4arch7aarch643aesNtB2_13Aarch64AesOpsNtNtB8_6traits7ArchOps13shift_left_12B8_
FNDA:0,_RNvXNtNtNtCs3YYFpeUFfny_8crc_fast4arch7aarch643aesNtB2_13Aarch64AesOpsNtNtB8_6traits7ArchOps13shift_right_5B8_
FNDA:0,_RNvXNtNtNtCs3YYFpeUFfny_8crc_fast4arch7aarch643aesNtB2_13Aarch64AesOpsNtNtB8_6traits7ArchOps13shift_right_6B8_
FNDA:0,_RNvXNtNtNtCs3YYFpeUFfny_8crc_fast4arch7aarch643aesNtB2_13Aarch64AesOpsNtNtB8_6traits7ArchOps13shift_right_7B8_
FNDA:14,_RNvXNtNtNtCs3YYFpeUFfny_8crc_fast4arch7aarch643aesNtB2_13Aarch64AesOpsNtNtB8_6traits7ArchOps13shift_right_8B8_
FNDA:43,_RNvXNtNtNtCs3YYFpeUFfny_8crc_fast4arch7aarch643aesNtB2_13Aarch64AesOpsNtNtB8_6traits7ArchOps13shuffle_bytesB8_
FNDA:6,_RNvXNtNtNtCs3YYFpeUFfny_8crc_fast4arch7aarch643aesNtB2_13Aarch64AesOpsNtNtB8_6traits7ArchOps14shift_right_12B8_
FNDA:531,_RNvXNtNtNtCs3YYFpeUFfny_8crc_fast4arch7aarch643aesNtB2_13Aarch64AesOpsNtNtB8_6traits7ArchOps16carryless_mul_00B8_
FNDA:32,_RNvXNtNtNtCs3YYFpeUFfny_8crc_fast4arch7aarch643aesNtB2_13Aarch64AesOpsNtNtB8_6traits7ArchOps16carryless_mul_01B8_
FNDA:26,_RNvXNtNtNtCs3YYFpeUFfny_8crc_fast4arch7aarch643aesNtB2_13Aarch64AesOpsNtNtB8_6traits7ArchOps16carryless_mul_10B8_
FNDA:520,_RNvXNtNtNtCs3YYFpeUFfny_8crc_fast4arch7aarch643aesNtB2_13Aarch64AesOpsNtNtB8_6traits7ArchOps16carryless_mul_11B8_
FNDA:0,_RNvXNtNtNtCs3YYFpeUFfny_8crc_fast4arch7aarch643aesNtB2_13Aarch64AesOpsNtNtB8_6traits7ArchOps19create_compare_maskB8_
FNDA:0,_RNvXNtNtNtCs3YYFpeUFfny_8crc_fast4arch7aarch643aesNtB2_13Aarch64AesOpsNtNtB8_6traits7ArchOps22create_vector_from_u32B8_
FNDA:1,_RNvXNtNtNtCs3YYFpeUFfny_8crc_fast4arch7aarch643aesNtB2_13Aarch64AesOpsNtNtB8_6traits7ArchOps22create_vector_from_u64B8_
FNDA:48,_RNvXNtNtNtCs3YYFpeUFfny_8crc_fast4arch7aarch643aesNtB2_13Aarch64AesOpsNtNtB8_6traits7ArchOps27create_vector_from_u64_pairB8_
FNDA:18,_RNvXNtNtNtCs3YYFpeUFfny_8crc_fast4arch7aarch643aesNtB2_13Aarch64AesOpsNtNtB8_6traits7ArchOps41create_vector_from_u64_pair_non_reflectedB8_
FNDA:0,_RNvXNtNtNtCs3YYFpeUFfny_8crc_fast4arch7aarch643aesNtB2_13Aarch64AesOpsNtNtB8_6traits7ArchOps12load_alignedCsa96wfuC4ae_8checksum
FNDA:0,_RNvXNtNtNtCs3YYFpeUFfny_8crc_fast4arch7aarch643aesNtB2_13Aarch64AesOpsNtNtB8_6traits7ArchOps22create_vector_from_u32Csa96wfuC4ae_8checksum
FNDA:0,_RNvXNtNtNtCs3YYFpeUFfny_8crc_fast4arch7aarch643aesNtB2_13Aarch64AesOpsNtNtB8_6traits7ArchOps22create_vector_from_u64Csa96wfuC4ae_8checksum
FNDA:0,_RNvXNtNtNtCs3YYFpeUFfny_8crc_fast4arch7aarch643aesNtB2_13Aarch64AesOpsNtNtB8_6traits7ArchOps12load_alignedCseaXugnuoQ7h_8checksum
FNDA:0,_RNvXNtNtNtCs3YYFpeUFfny_8crc_fast4arch7aarch643aesNtB2_13Aarch64AesOpsNtNtB8_6traits7ArchOps22create_vector_from_u32CseaXugnuoQ7h_8checksum
FNDA:0,_RNvXNtNtNtCs3YYFpeUFfny_8crc_fast4arch7aarch643aesNtB2_13Aarch64AesOpsNtNtB8_6traits7ArchOps22create_vector_from_u64CseaXugnuoQ7h_8checksum
FNDA:496933,_RNvMs_NtNtNtCscwG700SpbJM_8crc_fast4arch7aarch643aesNtB4_13Aarch64AesOps13load_key_pairBa_
FNDA:200297,_RNvXNtNtNtCscwG700SpbJM_8crc_fast4arch7aarch643aesNtB2_13Aarch64AesOpsNtNtB8_6traits7ArchOps10load_bytesB8_
FNDA:49536,_RNvXNtNtNtCscwG700SpbJM_8crc_fast4arch7aarch643aesNtB2_13Aarch64AesOpsNtNtB8_6traits7ArchOps11and_vectorsB8_
FNDA:271551,_RNvXNtNtNtCscwG700SpbJM_8crc_fast4arch7aarch643aesNtB2_13Aarch64AesOpsNtNtB8_6traits7ArchOps11xor_vectorsB8_
FNDA:69818,_RNvXNtNtNtCscwG700SpbJM_8crc_fast4arch7aarch643aesNtB2_13Aarch64AesOpsNtNtB8_6traits7ArchOps12extract_u64sB8_
FNDA:66901,_RNvXNtNtNtCscwG700SpbJM_8crc_fast4arch7aarch643aesNtB2_13Aarch64AesOpsNtNtB8_6traits7ArchOps12load_alignedB8_
FNDA:38566,_RNvXNtNtNtCscwG700SpbJM_8crc_fast4arch7aarch643aesNtB2_13Aarch64AesOpsNtNtB8_6traits7ArchOps12shift_left_4B8_
FNDA:45790,_RNvXNtNtNtCscwG700SpbJM_8crc_fast4arch7aarch643aesNtB2_13Aarch64AesOpsNtNtB8_6traits7ArchOps12shift_left_8B8_
FNDA:0,_RNvXNtNtNtCscwG700SpbJM_8crc_fast4arch7aarch643aesNtB2_13Aarch64AesOpsNtNtB8_6traits7ArchOps12xor3_vectorsB8_
FNDA:30282,_RNvXNtNtNtCscwG700SpbJM_8crc_fast4arch7aarch643aesNtB2_13Aarch64AesOpsNtNtB8_6traits7ArchOps13blend_vectorsB8_
FNDA:30282,_RNvXNtNtNtCscwG700SpbJM_8crc_fast4arch7aarch643aesNtB2_13Aarch64AesOpsNtNtB8_6traits7ArchOps13set_all_bytesB8_
FNDA:22804,_RNvXNtNtNtCscwG700SpbJM_8crc_fast4arch7aarch643aesNtB2_13Aarch64AesOpsNtNtB8_6traits7ArchOps13shift_left_12B8_
FNDA:95,_RNvXNtNtNtCscwG700SpbJM_8crc_fast4arch7aarch643aesNtB2_13Aarch64AesOpsNtNtB8_6traits7ArchOps13shift_right_5B8_
FNDA:85,_RNvXNtNtNtCscwG700SpbJM_8crc_fast4arch7aarch643aesNtB2_13Aarch64AesOpsNtNtB8_6traits7ArchOps13shift_right_6B8_
FNDA:85,_RNvXNtNtNtCscwG700SpbJM_8crc_fast4arch7aarch643aesNtB2_13Aarch64AesOpsNtNtB8_6traits7ArchOps13shift_right_7B8_
FNDA:41809,_RNvXNtNtNtCscwG700SpbJM_8crc_fast4arch7aarch643aesNtB2_13Aarch64AesOpsNtNtB8_6traits7ArchOps13shift_right_8B8_
FNDA:2831352,_RNvXNtNtNtCscwG700SpbJM_8crc_fast4arch7aarch643aesNtB2_13Aarch64AesOpsNtNtB8_6traits7ArchOps13shuffle_bytesB8_
FNDA:19018,_RNvXNtNtNtCscwG700SpbJM_8crc_fast4arch7aarch643aesNtB2_13Aarch64AesOpsNtNtB8_6traits7ArchOps14shift_right_12B8_
FNDA:4761582,_RNvXNtNtNtCscwG700SpbJM_8crc_fast4arch7aarch643aesNtB2_13Aarch64AesOpsNtNtB8_6traits7ArchOps16carryless_mul_00B8_
FNDA:2481232,_RNvXNtNtNtCscwG700SpbJM_8crc_fast4arch7aarch643aesNtB2_13Aarch64AesOpsNtNtB8_6traits7ArchOps16carryless_mul_01B8_
FNDA:2470492,_RNvXNtNtNtCscwG700SpbJM_8crc_fast4arch7aarch643aesNtB2_13Aarch64AesOpsNtNtB8_6traits7ArchOps16carryless_mul_10B8_
FNDA:4746160,_RNvXNtNtNtCscwG700SpbJM_8crc_fast4arch7aarch643aesNtB2_13Aarch64AesOpsNtNtB8_6traits7ArchOps16carryless_mul_11B8_
FNDA:10092,_RNvXNtNtNtCscwG700SpbJM_8crc_fast4arch7aarch643aesNtB2_13Aarch64AesOpsNtNtB8_6traits7ArchOps19create_compare_maskB8_
FNDA:42646,_RNvXNtNtNtCscwG700SpbJM_8crc_fast4arch7aarch643aesNtB2_13Aarch64AesOpsNtNtB8_6traits7ArchOps22create_vector_from_u32B8_
FNDA:27172,_RNvXNtNtNtCscwG700SpbJM_8crc_fast4arch7aarch643aesNtB2_13Aarch64AesOpsNtNtB8_6traits7ArchOps22create_vector_from_u64B8_
FNDA:176759,_RNvXNtNtNtCscwG700SpbJM_8crc_fast4arch7aarch643aesNtB2_13Aarch64AesOpsNtNtB8_6traits7ArchOps27create_vector_from_u64_pairB8_
FNDA:320174,_RNvXNtNtNtCscwG700SpbJM_8crc_fast4arch7aarch643aesNtB2_13Aarch64AesOpsNtNtB8_6traits7ArchOps41create_vector_from_u64_pair_non_reflectedB8_
FNDA:0,_RNvXNtNtNtCscwG700SpbJM_8crc_fast4arch7aarch643aesNtB2_13Aarch64AesOpsNtNtB8_6traits7ArchOps13shift_left_32B8_
FNDA:0,_RNvXNtNtNtCscwG700SpbJM_8crc_fast4arch7aarch643aesNtB2_13Aarch64AesOpsNtNtB8_6traits7ArchOps13shift_right_4B8_
FNDA:0,_RNvXNtNtNtCscwG700SpbJM_8crc_fast4arch7aarch643aesNtB2_13Aarch64AesOpsNtNtB8_6traits7ArchOps14shift_right_32B8_
FNDA:0,_RNvXNtNtNtCscwG700SpbJM_8crc_fast4arch7aarch643aesNtB2_13Aarch64AesOpsNtNtB8_6traits7ArchOps15extract_poly64sB8_
FNDA:0,_RNvXNtNtNtCs3YYFpeUFfny_8crc_fast4arch7aarch643aesNtB2_13Aarch64AesOpsNtNtB8_6traits7ArchOps13shift_left_32B8_
FNDA:0,_RNvXNtNtNtCs3YYFpeUFfny_8crc_fast4arch7aarch643aesNtB2_13Aarch64AesOpsNtNtB8_6traits7ArchOps13shift_right_4B8_
FNDA:0,_RNvXNtNtNtCs3YYFpeUFfny_8crc_fast4arch7aarch643aesNtB2_13Aarch64AesOpsNtNtB8_6traits7ArchOps14shift_right_32B8_
FNDA:0,_RNvXNtNtNtCs3YYFpeUFfny_8crc_fast4arch7aarch643aesNtB2_13Aarch64AesOpsNtNtB8_6traits7ArchOps15extract_poly64sB8_
FNDA:5,_RNvXNtNtNtCs3YYFpeUFfny_8crc_fast4arch7aarch643aesNtB2_13Aarch64AesOpsNtNtB8_6traits7ArchOps12load_alignedCs4dsW9QDrSvF_12no_std_tests
FNDA:3,_RNvXNtNtNtCs3YYFpeUFfny_8crc_fast4arch7aarch643aesNtB2_13Aarch64AesOpsNtNtB8_6traits7ArchOps22create_vector_from_u32Cs4dsW9QDrSvF_12no_std_tests
FNDA:14,_RNvXNtNtNtCs3YYFpeUFfny_8crc_fast4arch7aarch643aesNtB2_13Aarch64AesOpsNtNtB8_6traits7ArchOps22create_vector_from_u64Cs4dsW9QDrSvF_12no_std_tests
FNDA:4,_RNvXNtNtNtCs3YYFpeUFfny_8crc_fast4arch7aarch643aesNtB2_13Aarch64AesOpsNtNtB8_6traits7ArchOps12load_alignedCsiyVaUKbNjcY_10wasm_tests
FNDA:3,_RNvXNtNtNtCs3YYFpeUFfny_8crc_fast4arch7aarch643aesNtB2_13Aarch64AesOpsNtNtB8_6traits7ArchOps22create_vector_from_u32CsiyVaUKbNjcY_10wasm_tests
FNDA:9,_RNvXNtNtNtCs3YYFpeUFfny_8crc_fast4arch7aarch643aesNtB2_13Aarch64AesOpsNtNtB8_6traits7ArchOps22create_vector_from_u64CsiyVaUKbNjcY_10wasm_tests
FNF:31
FNH:26
DA:24,176807
DA:25,176807
DA:26,176807
DA:27,176807
DA:28,176807
DA:29,176807
DA:31,176807
DA:32,126311
DA:34,50496
DA:36,176807
DA:40,320192
DA:41,320192
DA:42,320192
DA:43,320192
DA:44,320192
DA:45,320192
DA:46,320192
DA:50,27196
DA:51,27196
DA:52,27196
DA:53,7763
DA:54,19433
DA:55,19433
DA:56,19433
DA:58,27196
DA:59,27196
DA:63,69848
DA:64,69848
DA:65,69848
DA:66,69848
DA:70,0
DA:71,0
DA:72,0
DA:73,0
DA:77,271642
DA:78,271642
DA:79,271642
DA:83,200365
DA:84,200365
DA:85,200365
DA:89,66928
DA:90,66928
DA:91,66928
DA:95,2831395
DA:96,2831395
DA:97,2831395
DA:101,30282
DA:102,30282
DA:103,30282
DA:104,30282
DA:105,30282
DA:106,30282
DA:107,30282
DA:108,30282
DA:109,30282
DA:113,45819
DA:114,45819
DA:115,45819
DA:119,30282
DA:120,30282
DA:121,30282
DA:125,10092
DA:126,10092
DA:127,10092
DA:131,49545
DA:132,49545
DA:133,49545
DA:137,0
DA:138,0
DA:139,0
DA:143,0
DA:144,0
DA:145,0
DA:149,42652
DA:150,42652
DA:151,42652
DA:152,19399
DA:153,19399
DA:154,23253
DA:155,23253
DA:156,23253
DA:157,23253
DA:158,42652
DA:159,42652
DA:163,38578
DA:164,38578
DA:165,38578
DA:169,0
DA:170,0
DA:171,0
DA:175,41823
DA:176,41823
DA:177,41823
DA:181,95
DA:182,95
DA:183,95
DA:187,85
DA:188,85
DA:189,85
DA:193,85
DA:194,85
DA:195,85
DA:199,19024
DA:200,19024
DA:201,19024
DA:205,22804
DA:206,22804
DA:207,22804
DA:208,22804
DA:209,22804
DA:213,4762113
DA:214,4762113
DA:215,4762113
DA:216,4762113
DA:218,4762113
DA:222,2481264
DA:223,2481264
DA:224,2481264
DA:225,2481264
DA:226,2481264
DA:230,2470518
DA:231,2470518
DA:232,2470518
DA:233,2470518
DA:235,2470518
DA:239,4746680
DA:240,4746680
DA:241,4746680
DA:242,4746680
DA:244,4746680
DA:248,0
DA:249,0
DA:250,0
DA:251,0
DA:252,0
DA:253,0
DA:254,0
DA:255,0
DA:261,496999
DA:262,496999
DA:263,496999
BRF:0
BRH:0
LF:141
LH:120
end_of_record
SF:/Users/mr.wolf/loadingalias/crc-fast-rust/src/arch/aarch64/aes_sha3.rs
FN:74,_RNvXs_NtNtNtCs3YYFpeUFfny_8crc_fast4arch7aarch648aes_sha3NtB4_17Aarch64AesSha3OpsNtNtBa_6traits7ArchOps12load_aligned
FN:124,_RNvXs_NtNtNtCs3YYFpeUFfny_8crc_fast4arch7aarch648aes_sha3NtB4_17Aarch64AesSha3OpsNtNtBa_6traits7ArchOps22create_vector_from_u32
FN:49,_RNvXs_NtNtNtCs3YYFpeUFfny_8crc_fast4arch7aarch648aes_sha3NtB4_17Aarch64AesSha3OpsNtNtBa_6traits7ArchOps22create_vector_from_u64
FN:19,_RNvMNtNtNtCs3YYFpeUFfny_8crc_fast4arch7aarch648aes_sha3NtB2_17Aarch64AesSha3Ops3new
FN:191,_RNvXs_NtNtNtCs3YYFpeUFfny_8crc_fast4arch7aarch648aes_sha3NtB4_17Aarch64AesSha3OpsNtNtBa_6traits7ArchOps12xor3_vectorsBa_
FN:69,_RNvXs_NtNtNtCs3YYFpeUFfny_8crc_fast4arch7aarch648aes_sha3NtB4_17Aarch64AesSha3OpsNtNtBa_6traits7ArchOps10load_bytes
FN:109,_RNvXs_NtNtNtCs3YYFpeUFfny_8crc_fast4arch7aarch648aes_sha3NtB4_17Aarch64AesSha3OpsNtNtBa_6traits7ArchOps11and_vectors
FN:64,_RNvXs_NtNtNtCs3YYFpeUFfny_8crc_fast4arch7aarch648aes_sha3NtB4_17Aarch64AesSha3OpsNtNtBa_6traits7ArchOps11xor_vectors
FN:54,_RNvXs_NtNtNtCs3YYFpeUFfny_8crc_fast4arch7aarch648aes_sha3NtB4_17Aarch64AesSha3OpsNtNtBa_6traits7ArchOps12extract_u64s
FN:129,_RNvXs_NtNtNtCs3YYFpeUFfny_8crc_fast4arch7aarch648aes_sha3NtB4_17Aarch64AesSha3OpsNtNtBa_6traits7ArchOps12shift_left_4
FN:94,_RNvXs_NtNtNtCs3YYFpeUFfny_8crc_fast4arch7aarch648aes_sha3NtB4_17Aarch64AesSha3OpsNtNtBa_6traits7ArchOps12shift_left_8
FN:164,_RNvXs_NtNtNtCs3YYFpeUFfny_8crc_fast4arch7aarch648aes_sha3NtB4_17Aarch64AesSha3OpsNtNtBa_6traits7ArchOps13shift_left_12
FN:144,_RNvXs_NtNtNtCs3YYFpeUFfny_8crc_fast4arch7aarch648aes_sha3NtB4_17Aarch64AesSha3OpsNtNtBa_6traits7ArchOps13shift_right_5
FN:149,_RNvXs_NtNtNtCs3YYFpeUFfny_8crc_fast4arch7aarch648aes_sha3NtB4_17Aarch64AesSha3OpsNtNtBa_6traits7ArchOps13shift_right_6
FN:154,_RNvXs_NtNtNtCs3YYFpeUFfny_8crc_fast4arch7aarch648aes_sha3NtB4_17Aarch64AesSha3OpsNtNtBa_6traits7ArchOps13shift_right_7
FN:139,_RNvXs_NtNtNtCs3YYFpeUFfny_8crc_fast4arch7aarch648aes_sha3NtB4_17Aarch64AesSha3OpsNtNtBa_6traits7ArchOps13shift_right_8
FN:79,_RNvXs_NtNtNtCs3YYFpeUFfny_8crc_fast4arch7aarch648aes_sha3NtB4_17Aarch64AesSha3OpsNtNtBa_6traits7ArchOps13shuffle_bytes
FN:159,_RNvXs_NtNtNtCs3YYFpeUFfny_8crc_fast4arch7aarch648aes_sha3NtB4_17Aarch64AesSha3OpsNtNtBa_6traits7ArchOps14shift_right_12
FN:169,_RNvXs_NtNtNtCs3YYFpeUFfny_8crc_fast4arch7aarch648aes_sha3NtB4_17Aarch64AesSha3OpsNtNtBa_6traits7ArchOps16carryless_mul_00
FN:174,_RNvXs_NtNtNtCs3YYFpeUFfny_8crc_fast4arch7aarch648aes_sha3NtB4_17Aarch64AesSha3OpsNtNtBa_6traits7ArchOps16carryless_mul_01
FN:179,_RNvXs_NtNtNtCs3YYFpeUFfny_8crc_fast4arch7aarch648aes_sha3NtB4_17Aarch64AesSha3OpsNtNtBa_6traits7ArchOps16carryless_mul_10
FN:184,_RNvXs_NtNtNtCs3YYFpeUFfny_8crc_fast4arch7aarch648aes_sha3NtB4_17Aarch64AesSha3OpsNtNtBa_6traits7ArchOps16carryless_mul_11
FN:40,_RNvXs_NtNtNtCs3YYFpeUFfny_8crc_fast4arch7aarch648aes_sha3NtB4_17Aarch64AesSha3OpsNtNtBa_6traits7ArchOps41create_vector_from_u64_pair_non_reflected
FN:30,_RNvXs_NtNtNtCs3YYFpeUFfny_8crc_fast4arch7aarch648aes_sha3NtB4_17Aarch64AesSha3OpsNtNtBa_6traits7ArchOps27create_vector_from_u64_pair
FN:84,_RNvXs_NtNtNtCs3YYFpeUFfny_8crc_fast4arch7aarch648aes_sha3NtB4_17Aarch64AesSha3OpsNtNtBa_6traits7ArchOps13blend_vectors
FN:99,_RNvXs_NtNtNtCs3YYFpeUFfny_8crc_fast4arch7aarch648aes_sha3NtB4_17Aarch64AesSha3OpsNtNtBa_6traits7ArchOps13set_all_bytes
FN:104,_RNvXs_NtNtNtCs3YYFpeUFfny_8crc_fast4arch7aarch648aes_sha3NtB4_17Aarch64AesSha3OpsNtNtBa_6traits7ArchOps19create_compare_mask
FN:69,_RNvXs_NtNtNtCscwG700SpbJM_8crc_fast4arch7aarch648aes_sha3NtB4_17Aarch64AesSha3OpsNtNtBa_6traits7ArchOps10load_bytes
FN:109,_RNvXs_NtNtNtCscwG700SpbJM_8crc_fast4arch7aarch648aes_sha3NtB4_17Aarch64AesSha3OpsNtNtBa_6traits7ArchOps11and_vectors
FN:64,_RNvXs_NtNtNtCscwG700SpbJM_8crc_fast4arch7aarch648aes_sha3NtB4_17Aarch64AesSha3OpsNtNtBa_6traits7ArchOps11xor_vectors
FN:54,_RNvXs_NtNtNtCscwG700SpbJM_8crc_fast4arch7aarch648aes_sha3NtB4_17Aarch64AesSha3OpsNtNtBa_6traits7ArchOps12extract_u64s
FN:74,_RNvXs_NtNtNtCscwG700SpbJM_8crc_fast4arch7aarch648aes_sha3NtB4_17Aarch64AesSha3OpsNtNtBa_6traits7ArchOps12load_aligned
FN:129,_RNvXs_NtNtNtCscwG700SpbJM_8crc_fast4arch7aarch648aes_sha3NtB4_17Aarch64AesSha3OpsNtNtBa_6traits7ArchOps12shift_left_4
FN:94,_RNvXs_NtNtNtCscwG700SpbJM_8crc_fast4arch7aarch648aes_sha3NtB4_17Aarch64AesSha3OpsNtNtBa_6traits7ArchOps12shift_left_8
FN:84,_RNvXs_NtNtNtCscwG700SpbJM_8crc_fast4arch7aarch648aes_sha3NtB4_17Aarch64AesSha3OpsNtNtBa_6traits7ArchOps13blend_vectors
FN:99,_RNvXs_NtNtNtCscwG700SpbJM_8crc_fast4arch7aarch648aes_sha3NtB4_17Aarch64AesSha3OpsNtNtBa_6traits7ArchOps13set_all_bytes
FN:164,_RNvXs_NtNtNtCscwG700SpbJM_8crc_fast4arch7aarch648aes_sha3NtB4_17Aarch64AesSha3OpsNtNtBa_6traits7ArchOps13shift_left_12
FN:139,_RNvXs_NtNtNtCscwG700SpbJM_8crc_fast4arch7aarch648aes_sha3NtB4_17Aarch64AesSha3OpsNtNtBa_6traits7ArchOps13shift_right_8
FN:79,_RNvXs_NtNtNtCscwG700SpbJM_8crc_fast4arch7aarch648aes_sha3NtB4_17Aarch64AesSha3OpsNtNtBa_6traits7ArchOps13shuffle_bytes
FN:159,_RNvXs_NtNtNtCscwG700SpbJM_8crc_fast4arch7aarch648aes_sha3NtB4_17Aarch64AesSha3OpsNtNtBa_6traits7ArchOps14shift_right_12
FN:169,_RNvXs_NtNtNtCscwG700SpbJM_8crc_fast4arch7aarch648aes_sha3NtB4_17Aarch64AesSha3OpsNtNtBa_6traits7ArchOps16carryless_mul_00
FN:174,_RNvXs_NtNtNtCscwG700SpbJM_8crc_fast4arch7aarch648aes_sha3NtB4_17Aarch64AesSha3OpsNtNtBa_6traits7ArchOps16carryless_mul_01
FN:179,_RNvXs_NtNtNtCscwG700SpbJM_8crc_fast4arch7aarch648aes_sha3NtB4_17Aarch64AesSha3OpsNtNtBa_6traits7ArchOps16carryless_mul_10
FN:184,_RNvXs_NtNtNtCscwG700SpbJM_8crc_fast4arch7aarch648aes_sha3NtB4_17Aarch64AesSha3OpsNtNtBa_6traits7ArchOps16carryless_mul_11
FN:104,_RNvXs_NtNtNtCscwG700SpbJM_8crc_fast4arch7aarch648aes_sha3NtB4_17Aarch64AesSha3OpsNtNtBa_6traits7ArchOps19create_compare_mask
FN:124,_RNvXs_NtNtNtCscwG700SpbJM_8crc_fast4arch7aarch648aes_sha3NtB4_17Aarch64AesSha3OpsNtNtBa_6traits7ArchOps22create_vector_from_u32
FN:49,_RNvXs_NtNtNtCscwG700SpbJM_8crc_fast4arch7aarch648aes_sha3NtB4_17Aarch64AesSha3OpsNtNtBa_6traits7ArchOps22create_vector_from_u64
FN:30,_RNvXs_NtNtNtCscwG700SpbJM_8crc_fast4arch7aarch648aes_sha3NtB4_17Aarch64AesSha3OpsNtNtBa_6traits7ArchOps27create_vector_from_u64_pair
FN:40,_RNvXs_NtNtNtCscwG700SpbJM_8crc_fast4arch7aarch648aes_sha3NtB4_17Aarch64AesSha3OpsNtNtBa_6traits7ArchOps41create_vector_from_u64_pair_non_reflected
FN:144,_RNvXs_NtNtNtCscwG700SpbJM_8crc_fast4arch7aarch648aes_sha3NtB4_17Aarch64AesSha3OpsNtNtBa_6traits7ArchOps13shift_right_5
FN:149,_RNvXs_NtNtNtCscwG700SpbJM_8crc_fast4arch7aarch648aes_sha3NtB4_17Aarch64AesSha3OpsNtNtBa_6traits7ArchOps13shift_right_6
FN:154,_RNvXs_NtNtNtCscwG700SpbJM_8crc_fast4arch7aarch648aes_sha3NtB4_17Aarch64AesSha3OpsNtNtBa_6traits7ArchOps13shift_right_7
FN:119,_RNvXs_NtNtNtCscwG700SpbJM_8crc_fast4arch7aarch648aes_sha3NtB4_17Aarch64AesSha3OpsNtNtBa_6traits7ArchOps13shift_left_32
FN:134,_RNvXs_NtNtNtCscwG700SpbJM_8crc_fast4arch7aarch648aes_sha3NtB4_17Aarch64AesSha3OpsNtNtBa_6traits7ArchOps13shift_right_4
FN:114,_RNvXs_NtNtNtCscwG700SpbJM_8crc_fast4arch7aarch648aes_sha3NtB4_17Aarch64AesSha3OpsNtNtBa_6traits7ArchOps14shift_right_32
FN:59,_RNvXs_NtNtNtCscwG700SpbJM_8crc_fast4arch7aarch648aes_sha3NtB4_17Aarch64AesSha3OpsNtNtBa_6traits7ArchOps15extract_poly64s
FN:191,_RNvXs_NtNtNtCscwG700SpbJM_8crc_fast4arch7aarch648aes_sha3NtB4_17Aarch64AesSha3OpsNtNtBa_6traits7ArchOps12xor3_vectorsBa_
FN:19,_RNvMNtNtNtCscwG700SpbJM_8crc_fast4arch7aarch648aes_sha3NtB2_17Aarch64AesSha3Ops3new
FN:119,_RNvXs_NtNtNtCs3YYFpeUFfny_8crc_fast4arch7aarch648aes_sha3NtB4_17Aarch64AesSha3OpsNtNtBa_6traits7ArchOps13shift_left_32
FN:134,_RNvXs_NtNtNtCs3YYFpeUFfny_8crc_fast4arch7aarch648aes_sha3NtB4_17Aarch64AesSha3OpsNtNtBa_6traits7ArchOps13shift_right_4
FN:114,_RNvXs_NtNtNtCs3YYFpeUFfny_8crc_fast4arch7aarch648aes_sha3NtB4_17Aarch64AesSha3OpsNtNtBa_6traits7ArchOps14shift_right_32
FN:59,_RNvXs_NtNtNtCs3YYFpeUFfny_8crc_fast4arch7aarch648aes_sha3NtB4_17Aarch64AesSha3OpsNtNtBa_6traits7ArchOps15extract_poly64s
FNDA:27,_RNvXs_NtNtNtCs3YYFpeUFfny_8crc_fast4arch7aarch648aes_sha3NtB4_17Aarch64AesSha3OpsNtNtBa_6traits7ArchOps12load_aligned
FNDA:6,_RNvXs_NtNtNtCs3YYFpeUFfny_8crc_fast4arch7aarch648aes_sha3NtB4_17Aarch64AesSha3OpsNtNtBa_6traits7ArchOps22create_vector_from_u32
FNDA:24,_RNvXs_NtNtNtCs3YYFpeUFfny_8crc_fast4arch7aarch648aes_sha3NtB4_17Aarch64AesSha3OpsNtNtBa_6traits7ArchOps22create_vector_from_u64
FNDA:3,_RNvMNtNtNtCs3YYFpeUFfny_8crc_fast4arch7aarch648aes_sha3NtB2_17Aarch64AesSha3Ops3new
FNDA:531,_RNvXs_NtNtNtCs3YYFpeUFfny_8crc_fast4arch7aarch648aes_sha3NtB4_17Aarch64AesSha3OpsNtNtBa_6traits7ArchOps12xor3_vectorsBa_
FNDA:68,_RNvXs_NtNtNtCs3YYFpeUFfny_8crc_fast4arch7aarch648aes_sha3NtB4_17Aarch64AesSha3OpsNtNtBa_6traits7ArchOps10load_bytes
FNDA:9,_RNvXs_NtNtNtCs3YYFpeUFfny_8crc_fast4arch7aarch648aes_sha3NtB4_17Aarch64AesSha3OpsNtNtBa_6traits7ArchOps11and_vectors
FNDA:91,_RNvXs_NtNtNtCs3YYFpeUFfny_8crc_fast4arch7aarch648aes_sha3NtB4_17Aarch64AesSha3OpsNtNtBa_6traits7ArchOps11xor_vectors
FNDA:30,_RNvXs_NtNtNtCs3YYFpeUFfny_8crc_fast4arch7aarch648aes_sha3NtB4_17Aarch64AesSha3OpsNtNtBa_6traits7ArchOps12extract_u64s
FNDA:12,_RNvXs_NtNtNtCs3YYFpeUFfny_8crc_fast4arch7aarch648aes_sha3NtB4_17Aarch64AesSha3OpsNtNtBa_6traits7ArchOps12shift_left_4
FNDA:29,_RNvXs_NtNtNtCs3YYFpeUFfny_8crc_fast4arch7aarch648aes_sha3NtB4_17Aarch64AesSha3OpsNtNtBa_6traits7ArchOps12shift_left_8
FNDA:0,_RNvXs_NtNtNtCs3YYFpeUFfny_8crc_fast4arch7aarch648aes_sha3NtB4_17Aarch64AesSha3OpsNtNtBa_6traits7ArchOps13shift_left_12
FNDA:0,_RNvXs_NtNtNtCs3YYFpeUFfny_8crc_fast4arch7aarch648aes_sha3NtB4_17Aarch64AesSha3OpsNtNtBa_6traits7ArchOps13shift_right_5
FNDA:0,_RNvXs_NtNtNtCs3YYFpeUFfny_8crc_fast4arch7aarch648aes_sha3NtB4_17Aarch64AesSha3OpsNtNtBa_6traits7ArchOps13shift_right_6
FNDA:0,_RNvXs_NtNtNtCs3YYFpeUFfny_8crc_fast4arch7aarch648aes_sha3NtB4_17Aarch64AesSha3OpsNtNtBa_6traits7ArchOps13shift_right_7
FNDA:14,_RNvXs_NtNtNtCs3YYFpeUFfny_8crc_fast4arch7aarch648aes_sha3NtB4_17Aarch64AesSha3OpsNtNtBa_6traits7ArchOps13shift_right_8
FNDA:43,_RNvXs_NtNtNtCs3YYFpeUFfny_8crc_fast4arch7aarch648aes_sha3NtB4_17Aarch64AesSha3OpsNtNtBa_6traits7ArchOps13shuffle_bytes
FNDA:6,_RNvXs_NtNtNtCs3YYFpeUFfny_8crc_fast4arch7aarch648aes_sha3NtB4_17Aarch64AesSha3OpsNtNtBa_6traits7ArchOps14shift_right_12
FNDA:531,_RNvXs_NtNtNtCs3YYFpeUFfny_8crc_fast4arch7aarch648aes_sha3NtB4_17Aarch64AesSha3OpsNtNtBa_6traits7ArchOps16carryless_mul_00
FNDA:32,_RNvXs_NtNtNtCs3YYFpeUFfny_8crc_fast4arch7aarch648aes_sha3NtB4_17Aarch64AesSha3OpsNtNtBa_6traits7ArchOps16carryless_mul_01
FNDA:26,_RNvXs_NtNtNtCs3YYFpeUFfny_8crc_fast4arch7aarch648aes_sha3NtB4_17Aarch64AesSha3OpsNtNtBa_6traits7ArchOps16carryless_mul_10
FNDA:520,_RNvXs_NtNtNtCs3YYFpeUFfny_8crc_fast4arch7aarch648aes_sha3NtB4_17Aarch64AesSha3OpsNtNtBa_6traits7ArchOps16carryless_mul_11
FNDA:18,_RNvXs_NtNtNtCs3YYFpeUFfny_8crc_fast4arch7aarch648aes_sha3NtB4_17Aarch64AesSha3OpsNtNtBa_6traits7ArchOps41create_vector_from_u64_pair_non_reflected
FNDA:48,_RNvXs_NtNtNtCs3YYFpeUFfny_8crc_fast4arch7aarch648aes_sha3NtB4_17Aarch64AesSha3OpsNtNtBa_6traits7ArchOps27create_vector_from_u64_pair
FNDA:0,_RNvXs_NtNtNtCs3YYFpeUFfny_8crc_fast4arch7aarch648aes_sha3NtB4_17Aarch64AesSha3OpsNtNtBa_6traits7ArchOps13blend_vectors
FNDA:0,_RNvXs_NtNtNtCs3YYFpeUFfny_8crc_fast4arch7aarch648aes_sha3NtB4_17Aarch64AesSha3OpsNtNtBa_6traits7ArchOps13set_all_bytes
FNDA:0,_RNvXs_NtNtNtCs3YYFpeUFfny_8crc_fast4arch7aarch648aes_sha3NtB4_17Aarch64AesSha3OpsNtNtBa_6traits7ArchOps19create_compare_mask
FNDA:200297,_RNvXs_NtNtNtCscwG700SpbJM_8crc_fast4arch7aarch648aes_sha3NtB4_17Aarch64AesSha3OpsNtNtBa_6traits7ArchOps10load_bytes
FNDA:49536,_RNvXs_NtNtNtCscwG700SpbJM_8crc_fast4arch7aarch648aes_sha3NtB4_17Aarch64AesSha3OpsNtNtBa_6traits7ArchOps11and_vectors
FNDA:271551,_RNvXs_NtNtNtCscwG700SpbJM_8crc_fast4arch7aarch648aes_sha3NtB4_17Aarch64AesSha3OpsNtNtBa_6traits7ArchOps11xor_vectors
FNDA:69818,_RNvXs_NtNtNtCscwG700SpbJM_8crc_fast4arch7aarch648aes_sha3NtB4_17Aarch64AesSha3OpsNtNtBa_6traits7ArchOps12extract_u64s
FNDA:66901,_RNvXs_NtNtNtCscwG700SpbJM_8crc_fast4arch7aarch648aes_sha3NtB4_17Aarch64AesSha3OpsNtNtBa_6traits7ArchOps12load_aligned
FNDA:38566,_RNvXs_NtNtNtCscwG700SpbJM_8crc_fast4arch7aarch648aes_sha3NtB4_17Aarch64AesSha3OpsNtNtBa_6traits7ArchOps12shift_left_4
FNDA:45790,_RNvXs_NtNtNtCscwG700SpbJM_8crc_fast4arch7aarch648aes_sha3NtB4_17Aarch64AesSha3OpsNtNtBa_6traits7ArchOps12shift_left_8
FNDA:30282,_RNvXs_NtNtNtCscwG700SpbJM_8crc_fast4arch7aarch648aes_sha3NtB4_17Aarch64AesSha3OpsNtNtBa_6traits7ArchOps13blend_vectors
FNDA:30282,_RNvXs_NtNtNtCscwG700SpbJM_8crc_fast4arch7aarch648aes_sha3NtB4_17Aarch64AesSha3OpsNtNtBa_6traits7ArchOps13set_all_bytes
FNDA:22804,_RNvXs_NtNtNtCscwG700SpbJM_8crc_fast4arch7aarch648aes_sha3NtB4_17Aarch64AesSha3OpsNtNtBa_6traits7ArchOps13shift_left_12
FNDA:41809,_RNvXs_NtNtNtCscwG700SpbJM_8crc_fast4arch7aarch648aes_sha3NtB4_17Aarch64AesSha3OpsNtNtBa_6traits7ArchOps13shift_right_8
FNDA:2831352,_RNvXs_NtNtNtCscwG700SpbJM_8crc_fast4arch7aarch648aes_sha3NtB4_17Aarch64AesSha3OpsNtNtBa_6traits7ArchOps13shuffle_bytes
FNDA:19018,_RNvXs_NtNtNtCscwG700SpbJM_8crc_fast4arch7aarch648aes_sha3NtB4_17Aarch64AesSha3OpsNtNtBa_6traits7ArchOps14shift_right_12
FNDA:4761582,_RNvXs_NtNtNtCscwG700SpbJM_8crc_fast4arch7aarch648aes_sha3NtB4_17Aarch64AesSha3OpsNtNtBa_6traits7ArchOps16carryless_mul_00
FNDA:2481232,_RNvXs_NtNtNtCscwG700SpbJM_8crc_fast4arch7aarch648aes_sha3NtB4_17Aarch64AesSha3OpsNtNtBa_6traits7ArchOps16carryless_mul_01
FNDA:2470492,_RNvXs_NtNtNtCscwG700SpbJM_8crc_fast4arch7aarch648aes_sha3NtB4_17Aarch64AesSha3OpsNtNtBa_6traits7ArchOps16carryless_mul_10
FNDA:4746160,_RNvXs_NtNtNtCscwG700SpbJM_8crc_fast4arch7aarch648aes_sha3NtB4_17Aarch64AesSha3OpsNtNtBa_6traits7ArchOps16carryless_mul_11
FNDA:10092,_RNvXs_NtNtNtCscwG700SpbJM_8crc_fast4arch7aarch648aes_sha3NtB4_17Aarch64AesSha3OpsNtNtBa_6traits7ArchOps19create_compare_mask
FNDA:42646,_RNvXs_NtNtNtCscwG700SpbJM_8crc_fast4arch7aarch648aes_sha3NtB4_17Aarch64AesSha3OpsNtNtBa_6traits7ArchOps22create_vector_from_u32
FNDA:27172,_RNvXs_NtNtNtCscwG700SpbJM_8crc_fast4arch7aarch648aes_sha3NtB4_17Aarch64AesSha3OpsNtNtBa_6traits7ArchOps22create_vector_from_u64
FNDA:176759,_RNvXs_NtNtNtCscwG700SpbJM_8crc_fast4arch7aarch648aes_sha3NtB4_17Aarch64AesSha3OpsNtNtBa_6traits7ArchOps27create_vector_from_u64_pair
FNDA:320174,_RNvXs_NtNtNtCscwG700SpbJM_8crc_fast4arch7aarch648aes_sha3NtB4_17Aarch64AesSha3OpsNtNtBa_6traits7ArchOps41create_vector_from_u64_pair_non_reflected
FNDA:95,_RNvXs_NtNtNtCscwG700SpbJM_8crc_fast4arch7aarch648aes_sha3NtB4_17Aarch64AesSha3OpsNtNtBa_6traits7ArchOps13shift_right_5
FNDA:85,_RNvXs_NtNtNtCscwG700SpbJM_8crc_fast4arch7aarch648aes_sha3NtB4_17Aarch64AesSha3OpsNtNtBa_6traits7ArchOps13shift_right_6
FNDA:85,_RNvXs_NtNtNtCscwG700SpbJM_8crc_fast4arch7aarch648aes_sha3NtB4_17Aarch64AesSha3OpsNtNtBa_6traits7ArchOps13shift_right_7
FNDA:0,_RNvXs_NtNtNtCscwG700SpbJM_8crc_fast4arch7aarch648aes_sha3NtB4_17Aarch64AesSha3OpsNtNtBa_6traits7ArchOps13shift_left_32
FNDA:0,_RNvXs_NtNtNtCscwG700SpbJM_8crc_fast4arch7aarch648aes_sha3NtB4_17Aarch64AesSha3OpsNtNtBa_6traits7ArchOps13shift_right_4
FNDA:0,_RNvXs_NtNtNtCscwG700SpbJM_8crc_fast4arch7aarch648aes_sha3NtB4_17Aarch64AesSha3OpsNtNtBa_6traits7ArchOps14shift_right_32
FNDA:0,_RNvXs_NtNtNtCscwG700SpbJM_8crc_fast4arch7aarch648aes_sha3NtB4_17Aarch64AesSha3OpsNtNtBa_6traits7ArchOps15extract_poly64s
FNDA:7124714,_RNvXs_NtNtNtCscwG700SpbJM_8crc_fast4arch7aarch648aes_sha3NtB4_17Aarch64AesSha3OpsNtNtBa_6traits7ArchOps12xor3_vectorsBa_
FNDA:1,_RNvMNtNtNtCscwG700SpbJM_8crc_fast4arch7aarch648aes_sha3NtB2_17Aarch64AesSha3Ops3new
FNDA:0,_RNvXs_NtNtNtCs3YYFpeUFfny_8crc_fast4arch7aarch648aes_sha3NtB4_17Aarch64AesSha3OpsNtNtBa_6traits7ArchOps13shift_left_32
FNDA:0,_RNvXs_NtNtNtCs3YYFpeUFfny_8crc_fast4arch7aarch648aes_sha3NtB4_17Aarch64AesSha3OpsNtNtBa_6traits7ArchOps13shift_right_4
FNDA:0,_RNvXs_NtNtNtCs3YYFpeUFfny_8crc_fast4arch7aarch648aes_sha3NtB4_17Aarch64AesSha3OpsNtNtBa_6traits7ArchOps14shift_right_32
FNDA:0,_RNvXs_NtNtNtCs3YYFpeUFfny_8crc_fast4arch7aarch648aes_sha3NtB4_17Aarch64AesSha3OpsNtNtBa_6traits7ArchOps15extract_poly64s
FNF:31
FNH:27
DA:19,4
DA:20,4
DA:21,4
DA:30,176807
DA:31,176807
DA:32,176807
DA:33,176807
DA:34,176807
DA:35,176807
DA:36,176807
DA:37,176807
DA:40,320192
DA:41,320192
DA:42,320192
DA:43,320192
DA:44,320192
DA:45,320192
DA:46,320192
DA:49,27196
DA:50,27196
DA:51,27196
DA:54,69848
DA:55,69848
DA:56,69848
DA:59,0
DA:60,0
DA:61,0
DA:64,271642
DA:65,271642
DA:66,271642
DA:69,200365
DA:70,200365
DA:71,200365
DA:74,66928
DA:75,66928
DA:76,66928
DA:79,2831395
DA:80,2831395
DA:81,2831395
DA:84,30282
DA:85,30282
DA:86,30282
DA:87,30282
DA:88,30282
DA:89,30282
DA:90,30282
DA:91,30282
DA:94,45819
DA:95,45819
DA:96,45819
DA:99,30282
DA:100,30282
DA:101,30282
DA:104,10092
DA:105,10092
DA:106,10092
DA:109,49545
DA:110,49545
DA:111,49545
DA:114,0
DA:115,0
DA:116,0
DA:119,0
DA:120,0
DA:121,0
DA:124,42652
DA:125,42652
DA:126,42652
DA:129,38578
DA:130,38578
DA:131,38578
DA:134,0
DA:135,0
DA:136,0
DA:139,41823
DA:140,41823
DA:141,41823
DA:144,95
DA:145,95
DA:146,95
DA:149,85
DA:150,85
DA:151,85
DA:154,85
DA:155,85
DA:156,85
DA:159,19024
DA:160,19024
DA:161,19024
DA:164,22804
DA:165,22804
DA:166,22804
DA:169,4762113
DA:170,4762113
DA:171,4762113
DA:174,2481264
DA:175,2481264
DA:176,2481264
DA:179,2470518
DA:180,2470518
DA:181,2470518
DA:184,4746680
DA:185,4746680
DA:186,4746680
DA:191,7125245
DA:192,7125245
DA:193,7125245
DA:194,7125245
DA:195,7125245
DA:196,7125245
DA:199,7125245
DA:200,7125245
BRF:0
BRH:0
LF:112
LH:100
end_of_record
SF:/Users/mr.wolf/loadingalias/crc-fast-rust/src/arch/mod.rs
FN:74,_RNvNtCs3YYFpeUFfny_8crc_fast4arch18update_aarch64_aesB3_
FN:90,_RNvNtCs3YYFpeUFfny_8crc_fast4arch23update_aarch64_aes_sha3B3_
FN:35,_RNvNtCs3YYFpeUFfny_8crc_fast4arch6update
FN:74,_RNvNtCs3YYFpeUFfny_8crc_fast4arch18update_aarch64_aesCsa96wfuC4ae_8checksum
FN:90,_RNvNtCs3YYFpeUFfny_8crc_fast4arch23update_aarch64_aes_sha3Csa96wfuC4ae_8checksum
FN:74,_RNvNtCs3YYFpeUFfny_8crc_fast4arch18update_aarch64_aesCseaXugnuoQ7h_8checksum
FN:90,_RNvNtCs3YYFpeUFfny_8crc_fast4arch23update_aarch64_aes_sha3CseaXugnuoQ7h_8checksum
FN:35,_RNvNtCscwG700SpbJM_8crc_fast4arch6update
FN:74,_RNvNtCscwG700SpbJM_8crc_fast4arch18update_aarch64_aesB3_
FN:90,_RNvNtCscwG700SpbJM_8crc_fast4arch23update_aarch64_aes_sha3B3_
FN:400,_RNvNtNtCscwG700SpbJM_8crc_fast4arch5tests11test_length
FN:214,_RNvNtNtCscwG700SpbJM_8crc_fast4arch5testss_15test_256_string
FN:236,_RNvNtNtCscwG700SpbJM_8crc_fast4arch5testss_15test_512_string
FN:260,_RNvNtNtCscwG700SpbJM_8crc_fast4arch5testss_16test_1024_string
FN:194,_RNvNtNtCscwG700SpbJM_8crc_fast4arch5testss_16test_check_value
FN:390,_RNvNtNtCscwG700SpbJM_8crc_fast4arch5testss_18test_large_lengths
FN:376,_RNvNtNtCscwG700SpbJM_8crc_fast4arch5testss_19test_medium_lengths
FN:362,_RNvNtNtCscwG700SpbJM_8crc_fast4arch5testss_22test_small_lengths_all
FN:334,_RNvNtNtCscwG700SpbJM_8crc_fast4arch5testss_31test_crc32_php_standard_vectors
FN:286,_RNvNtNtCscwG700SpbJM_8crc_fast4arch5testss_32test_crc64_nvme_standard_vectors
FN:74,_RNvNtCs3YYFpeUFfny_8crc_fast4arch18update_aarch64_aesCs4dsW9QDrSvF_12no_std_tests
FN:90,_RNvNtCs3YYFpeUFfny_8crc_fast4arch23update_aarch64_aes_sha3Cs4dsW9QDrSvF_12no_std_tests
FN:74,_RNvNtCs3YYFpeUFfny_8crc_fast4arch18update_aarch64_aesCsiyVaUKbNjcY_10wasm_tests
FN:90,_RNvNtCs3YYFpeUFfny_8crc_fast4arch23update_aarch64_aes_sha3CsiyVaUKbNjcY_10wasm_tests
FNDA:0,_RNvNtCs3YYFpeUFfny_8crc_fast4arch18update_aarch64_aesB3_
FNDA:0,_RNvNtCs3YYFpeUFfny_8crc_fast4arch23update_aarch64_aes_sha3B3_
FNDA:31,_RNvNtCs3YYFpeUFfny_8crc_fast4arch6update
FNDA:0,_RNvNtCs3YYFpeUFfny_8crc_fast4arch18update_aarch64_aesCsa96wfuC4ae_8checksum
FNDA:0,_RNvNtCs3YYFpeUFfny_8crc_fast4arch23update_aarch64_aes_sha3Csa96wfuC4ae_8checksum
FNDA:0,_RNvNtCs3YYFpeUFfny_8crc_fast4arch18update_aarch64_aesCseaXugnuoQ7h_8checksum
FNDA:0,_RNvNtCs3YYFpeUFfny_8crc_fast4arch23update_aarch64_aes_sha3CseaXugnuoQ7h_8checksum
FNDA:37393,_RNvNtCscwG700SpbJM_8crc_fast4arch6update
FNDA:0,_RNvNtCscwG700SpbJM_8crc_fast4arch18update_aarch64_aesB3_
FNDA:37365,_RNvNtCscwG700SpbJM_8crc_fast4arch23update_aarch64_aes_sha3B3_
FNDA:19532,_RNvNtNtCscwG700SpbJM_8crc_fast4arch5tests11test_length
FNDA:1,_RNvNtNtCscwG700SpbJM_8crc_fast4arch5testss_15test_256_string
FNDA:1,_RNvNtNtCscwG700SpbJM_8crc_fast4arch5testss_15test_512_string
FNDA:1,_RNvNtNtCscwG700SpbJM_8crc_fast4arch5testss_16test_1024_string
FNDA:1,_RNvNtNtCscwG700SpbJM_8crc_fast4arch5testss_16test_check_value
FNDA:1,_RNvNtNtCscwG700SpbJM_8crc_fast4arch5testss_18test_large_lengths
FNDA:1,_RNvNtNtCscwG700SpbJM_8crc_fast4arch5testss_19test_medium_lengths
FNDA:1,_RNvNtNtCscwG700SpbJM_8crc_fast4arch5testss_22test_small_lengths_all
FNDA:1,_RNvNtNtCscwG700SpbJM_8crc_fast4arch5testss_31test_crc32_php_standard_vectors
FNDA:1,_RNvNtNtCscwG700SpbJM_8crc_fast4arch5testss_32test_crc64_nvme_standard_vectors
FNDA:0,_RNvNtCs3YYFpeUFfny_8crc_fast4arch18update_aarch64_aesCs4dsW9QDrSvF_12no_std_tests
FNDA:17,_RNvNtCs3YYFpeUFfny_8crc_fast4arch23update_aarch64_aes_sha3Cs4dsW9QDrSvF_12no_std_tests
FNDA:0,_RNvNtCs3YYFpeUFfny_8crc_fast4arch18update_aarch64_aesCsiyVaUKbNjcY_10wasm_tests
FNDA:12,_RNvNtCs3YYFpeUFfny_8crc_fast4arch23update_aarch64_aes_sha3CsiyVaUKbNjcY_10wasm_tests
FNF:13
FNH:12
DA:35,37424
DA:37,37394
DA:38,37424
DA:40,30
DA:42,30
DA:43,37394
DA:47,37394
DA:48,37394
DA:49,0
DA:52,0
DA:53,0
DA:57,0
DA:58,0
DA:59,0
DA:60,0
DA:61,0
DA:62,0
DA:63,0
DA:66,0
DA:69,37424
DA:74,0
DA:75,0
DA:76,0
DA:77,0
DA:78,0
DA:79,0
DA:80,0
DA:81,0
DA:82,0
DA:83,0
DA:85,0
DA:90,37394
DA:91,37394
DA:92,37394
DA:93,37394
DA:94,37394
DA:95,37394
DA:96,37394
DA:97,14570
DA:98,22824
DA:99,0
DA:101,37394
DA:194,1
DA:195,20
DA:197,19
DA:198,19
DA:199,19
DA:202,19
DA:204,19
DA:205,0
DA:206,0
DA:207,0
DA:211,1
DA:214,1
DA:215,20
DA:216,19
DA:217,19
DA:218,19
DA:219,19
DA:220,19
DA:221,19
DA:224,19
DA:226,19
DA:227,0
DA:228,0
DA:229,0
DA:233,1
DA:236,1
DA:237,1
DA:239,20
DA:240,19
DA:241,19
DA:242,19
DA:243,19
DA:244,19
DA:245,19
DA:248,19
DA:250,19
DA:251,0
DA:252,0
DA:253,0
DA:257,1
DA:260,1
DA:261,1
DA:263,20
DA:264,19
DA:265,19
DA:266,19
DA:267,19
DA:268,19
DA:269,19
DA:272,19
DA:274,19
DA:275,0
DA:276,0
DA:277,0
DA:281,1
DA:286,1
DA:315,15
DA:317,14
DA:319,14
DA:321,0
DA:326,1
DA:334,1
DA:342,5
DA:343,4
DA:344,4
DA:348,4
DA:350,4
DA:351,4
DA:352,0
DA:356,1
DA:362,1
DA:364,20
DA:366,4883
DA:367,4864
DA:368,4864
DA:370,1
DA:376,1
DA:378,20
DA:380,14630
DA:381,14611
DA:382,14611
DA:384,1
DA:390,1
DA:392,20
DA:394,76
DA:395,57
DA:396,57
DA:398,1
DA:400,19532
DA:401,19532
DA:402,19532
DA:405,19532
DA:408,19532
DA:409,19532
DA:411,19532
DA:414,0
DA:415,0
DA:420,19532
BRF:0
BRH:0
LF:140
LH:101
end_of_record
SF:/Users/mr.wolf/loadingalias/crc-fast-rust/src/arch/software.rs
FN:363,_RNvNtNtCs3YYFpeUFfny_8crc_fast4arch8software10update_u32
FN:381,_RNvNtNtCs3YYFpeUFfny_8crc_fast4arch8software10update_u64
FN:133,_RNvNtNtCs3YYFpeUFfny_8crc_fast4arch8software6update
FN:174,_RNCNvNtNtCs3YYFpeUFfny_8crc_fast4arch8software6update0B7_
FN:283,_RNCNvNtNtCs3YYFpeUFfny_8crc_fast4arch8software6updates_0B7_
FN:363,_RNvNtNtCscwG700SpbJM_8crc_fast4arch8software10update_u32
FN:381,_RNvNtNtCscwG700SpbJM_8crc_fast4arch8software10update_u64
FN:133,_RNvNtNtCscwG700SpbJM_8crc_fast4arch8software6update
FN:174,_RNCNvNtNtCscwG700SpbJM_8crc_fast4arch8software6update0B7_
FN:283,_RNCNvNtNtCscwG700SpbJM_8crc_fast4arch8software6updates_0B7_
FNDA:2,_RNvNtNtCs3YYFpeUFfny_8crc_fast4arch8software10update_u32
FNDA:0,_RNvNtNtCs3YYFpeUFfny_8crc_fast4arch8software10update_u64
FNDA:2,_RNvNtNtCs3YYFpeUFfny_8crc_fast4arch8software6update
FNDA:2,_RNCNvNtNtCs3YYFpeUFfny_8crc_fast4arch8software6update0B7_
FNDA:0,_RNCNvNtNtCs3YYFpeUFfny_8crc_fast4arch8software6updates_0B7_
FNDA:14,_RNvNtNtCscwG700SpbJM_8crc_fast4arch8software10update_u32
FNDA:14,_RNvNtNtCscwG700SpbJM_8crc_fast4arch8software10update_u64
FNDA:28,_RNvNtNtCscwG700SpbJM_8crc_fast4arch8software6update
FNDA:1,_RNCNvNtNtCscwG700SpbJM_8crc_fast4arch8software6update0B7_
FNDA:1,_RNCNvNtNtCscwG700SpbJM_8crc_fast4arch8software6updates_0B7_
FNF:5
FNH:5
DA:133,30
DA:134,30
DA:136,16
DA:137,0
DA:138,0
DA:139,0
DA:140,0
DA:141,0
DA:142,0
DA:143,0
DA:144,0
DA:145,0
DA:146,0
DA:147,0
DA:148,0
DA:149,16
DA:150,0
DA:153,16
DA:154,0
DA:162,16
DA:163,16
DA:164,16
DA:165,16
DA:166,16
DA:167,16
DA:168,16
DA:169,16
DA:173,16
DA:174,16
DA:175,16
DA:177,16
DA:178,12
DA:179,4
DA:181,4
DA:182,4
DA:183,4
DA:184,4
DA:185,4
DA:186,4
DA:187,4
DA:188,4
DA:189,4
DA:190,4
DA:191,4
DA:192,4
DA:193,4
DA:194,4
DA:195,4
DA:250,14
DA:251,0
DA:252,0
DA:253,0
DA:254,0
DA:255,0
DA:256,0
DA:257,0
DA:258,14
DA:259,0
DA:262,14
DA:263,0
DA:271,14
DA:272,14
DA:273,14
DA:274,14
DA:275,14
DA:276,14
DA:277,14
DA:278,14
DA:282,14
DA:283,14
DA:284,14
DA:286,14
DA:287,12
DA:288,2
DA:290,2
DA:291,2
DA:292,2
DA:293,2
DA:294,2
DA:295,2
DA:296,2
DA:297,2
DA:298,2
DA:299,2
DA:300,2
DA:301,2
DA:302,2
DA:303,2
DA:304,2
DA:358,0
DA:360,30
DA:363,16
DA:365,16
DA:366,9
DA:368,7
DA:371,16
DA:372,16
DA:374,16
DA:377,16
DA:378,16
DA:381,14
DA:383,14
DA:384,7
DA:386,7
DA:389,14
DA:390,14
DA:393,14
DA:394,14
BRF:0
BRH:0
LF:110
LH:86
end_of_record
SF:/Users/mr.wolf/loadingalias/crc-fast-rust/src/bin/arch-check.rs
FN:102,_RNvCs8BF9bUJsOZf_10arch_check13print_targets
FN:125,_RNvCs8BF9bUJsOZf_10arch_check14print_cpu_info
FN:28,_RNvCs8BF9bUJsOZf_10arch_check16aarch64_features
FN:14,_RNvCs8BF9bUJsOZf_10arch_check4main
FN:102,_RNvCs1Xhj9JE1iFz_10arch_check13print_targets
FN:125,_RNvCs1Xhj9JE1iFz_10arch_check14print_cpu_info
FN:28,_RNvCs1Xhj9JE1iFz_10arch_check16aarch64_features
FN:14,_RNvCs1Xhj9JE1iFz_10arch_check4main
FNDA:0,_RNvCs8BF9bUJsOZf_10arch_check13print_targets
FNDA:0,_RNvCs8BF9bUJsOZf_10arch_check14print_cpu_info
FNDA:0,_RNvCs8BF9bUJsOZf_10arch_check16aarch64_features
FNDA:0,_RNvCs8BF9bUJsOZf_10arch_check4main
FNDA:0,_RNvCs1Xhj9JE1iFz_10arch_check13print_targets
FNDA:0,_RNvCs1Xhj9JE1iFz_10arch_check14print_cpu_info
FNDA:0,_RNvCs1Xhj9JE1iFz_10arch_check16aarch64_features
FNDA:0,_RNvCs1Xhj9JE1iFz_10arch_check4main
FNF:4
FNH:0
DA:14,0
DA:17,0
DA:22,0
DA:24,0
DA:25,0
DA:28,0
DA:29,0
DA:31,0
DA:33,0
DA:34,0
DA:35,0
DA:36,0
DA:37,0
DA:39,0
DA:40,0
DA:41,0
DA:42,0
DA:43,0
DA:45,0
DA:46,0
DA:47,0
DA:48,0
DA:49,0
DA:50,0
DA:102,0
DA:103,0
DA:105,0
DA:107,0
DA:108,0
DA:110,0
DA:112,0
DA:113,0
DA:115,0
DA:117,0
DA:118,0
DA:120,0
DA:122,0
DA:125,0
DA:126,0
DA:127,0
DA:129,0
DA:130,0
DA:131,0
DA:132,0
DA:133,0
DA:134,0
DA:135,0
DA:136,0
DA:137,0
BRF:0
BRH:0
LF:49
LH:0
end_of_record
SF:/Users/mr.wolf/loadingalias/crc-fast-rust/src/bin/checksum.rs
FN:213,_RNvCsa96wfuC4ae_8checksum10parse_args
FN:186,_RNvCsa96wfuC4ae_8checksum11print_usage
FN:374,_RNvCsa96wfuC4ae_8checksum13run_benchmark
FN:349,_RNvCsa96wfuC4ae_8checksum18calculate_checksum
FN:158,_RNvCsa96wfuC4ae_8checksum18fill_pseudo_randomB1_
FN:169,_RNvCsa96wfuC4ae_8checksum20generate_random_data
FN:421,_RNvCsa96wfuC4ae_8checksum25display_benchmark_results
FN:406,_RNvCsa96wfuC4ae_8checksum25format_number_with_commas
FN:459,_RNvCsa96wfuC4ae_8checksum4main
FN:55,_RNvMCsa96wfuC4ae_8checksumNtB2_15BenchmarkConfig8validate
FN:124,_RNvMs0_Csa96wfuC4ae_8checksumNtB5_15BenchmarkResult3new
FN:71,_RNvMs_Csa96wfuC4ae_8checksumNtB4_15BenchmarkRunner3new
FN:79,_RNvMs_Csa96wfuC4ae_8checksumNtB4_15BenchmarkRunner3run
FN:290,_RNCNvCsa96wfuC4ae_8checksum10parse_args0B3_
FN:300,_RNCNvCsa96wfuC4ae_8checksum10parse_argss_0B3_
FN:351,_RNCNvCsa96wfuC4ae_8checksum18calculate_checksum0B3_
FN:108,_RNCNvMs_Csa96wfuC4ae_8checksumNtB6_15BenchmarkRunner3run0B6_
FN:109,_RNCNvMs_Csa96wfuC4ae_8checksumNtB6_15BenchmarkRunner3runs_0B6_
FN:290,_RNCNvCseaXugnuoQ7h_8checksum10parse_args0B3_
FN:300,_RNCNvCseaXugnuoQ7h_8checksum10parse_argss_0B3_
FN:351,_RNCNvCseaXugnuoQ7h_8checksum18calculate_checksum0B3_
FN:213,_RNvCseaXugnuoQ7h_8checksum10parse_args
[...]
FNDA:247,_RNvMNtNtCscwG700SpbJM_8crc_fast4test5enumsNtB2_16AnyCrcTestConfig9get_check
FNDA:152,_RNvMNtNtCscwG700SpbJM_8crc_fast4test5enumsNtB2_16AnyCrcTestConfig9get_refin
FNDA:114,_RNvMNtNtCscwG700SpbJM_8crc_fast4test5enumsNtB2_16AnyCrcTestConfig9get_width
FNDA:0,_RINvMNtNtCscwG700SpbJM_8crc_fast4test5enumsNtB3_16AnyCrcTestConfig19with_reference_implppEB7_
FNF:12
FNH:11
DA:17,79401
DA:18,79401
DA:19,50148
DA:20,29253
DA:22,79401
DA:24,114
DA:25,114
DA:26,114
DA:28,114
DA:29,114
DA:30,114
DA:32,152
DA:33,152
DA:34,152
DA:36,19665
DA:37,19665
DA:38,19665
DA:40,19684
DA:41,19684
DA:42,19684
DA:44,19684
DA:45,19684
DA:46,19684
DA:48,247
DA:49,247
DA:50,247
DA:52,76
DA:53,76
DA:54,76
DA:56,57
DA:57,57
DA:58,57
DA:60,39121
DA:61,39121
DA:62,24708
DA:63,14413
DA:65,39121
DA:67,0
DA:68,0
DA:69,0
DA:71,0
DA:72,0
DA:73,0
DA:75,0
BRF:0
BRH:0
LF:44
LH:37
end_of_record
SF:/Users/mr.wolf/loadingalias/crc-fast-rust/src/test/future_proof_tests.rs
FN:1520,_RNvNtNtNtCscwG700SpbJM_8crc_fast4test18future_proof_tests9ffi_testss_22test_ffi_memory_safety
FN:1467,_RNvNtNtNtCscwG700SpbJM_8crc_fast4test18future_proof_tests9ffi_testss_26test_ffi_pointer_stability
FN:1340,_RNvNtNtNtCscwG700SpbJM_8crc_fast4test18future_proof_tests9ffi_testss_27test_ffi_conversion_23_keys
FN:1411,_RNvNtNtNtCscwG700SpbJM_8crc_fast4test18future_proof_tests9ffi_testss_27test_ffi_conversion_25_keys
FN:1576,_RNvNtNtNtCscwG700SpbJM_8crc_fast4test18future_proof_tests9ffi_testss_29test_ffi_different_key_counts
FN:1665,_RNvNtNtNtCscwG700SpbJM_8crc_fast4test18future_proof_tests9ffi_testss_35test_ffi_get_custom_params_function
FN:75,_RNvNtNtCscwG700SpbJM_8crc_fast4test18future_proof_testss_31test_crc_params_get_key_checked
FN:10,_RNvNtNtCscwG700SpbJM_8crc_fast4test18future_proof_testss_37test_crc_keys_storage_bounds_checking
FN:162,_RNvNtNtCscwG700SpbJM_8crc_fast4test18future_proof_testss_37test_key_count_returns_correct_values
FN:219,_RNvNtNtCscwG700SpbJM_8crc_fast4test18future_proof_testss_39test_crc_params_get_key_bounds_checking
FN:1215,_RNvNtNtCscwG700SpbJM_8crc_fast4test18future_proof_testss_45test_future_expansion_backwards_compatibility
FN:688,_RNvNtNtCscwG700SpbJM_8crc_fast4test18future_proof_testss_46test_memory_usage_impact_of_enum_based_storage
FN:264,_RNvNtNtCscwG700SpbJM_8crc_fast4test18future_proof_testss_48test_third_party_const_definitions_compatibility
FN:381,_RNvNtNtCscwG700SpbJM_8crc_fast4test18future_proof_testss_50test_existing_key_access_patterns_continue_to_work
FN:774,_RNvNtNtCscwG700SpbJM_8crc_fast4test18future_proof_testss_51test_compiler_optimizations_eliminate_enum_dispatch
FN:882,_RNvNtNtCscwG700SpbJM_8crc_fast4test18future_proof_testss_53test_create_crc_params_using_keys_future_test_variant
FN:1060,_RNvNtNtCscwG700SpbJM_8crc_fast4test18future_proof_testss_53test_expansion_to_larger_key_arrays_works_as_designed
FN:972,_RNvNtNtCscwG700SpbJM_8crc_fast4test18future_proof_testss_54test_code_gracefully_handles_different_key_array_sizes
FN:550,_RNvNtNtCscwG700SpbJM_8crc_fast4test18future_proof_testss_55test_key_access_performance_matches_direct_array_access
FN:474,_RNvNtNtCscwG700SpbJM_8crc_fast4test18future_proof_testss_56test_backwards_compatibility_throughout_migration_phases
FN:639,_RNvNtNtCscwG700SpbJM_8crc_fast4test18future_proof_testss_57test_crc_calculation_performance_before_and_after_changes
FN:1224,_RNvNvNtNtCscwG700SpbJM_8crc_fast4test18future_proof_testss_45test_future_expansion_backwards_compatibility25third_party_key_processor
FN:1005,_RNvNvNtNtCscwG700SpbJM_8crc_fast4test18future_proof_testss_54test_code_gracefully_handles_different_key_array_sizes18process_crc_params
FNDA:1,_RNvNtNtNtCscwG700SpbJM_8crc_fast4test18future_proof_tests9ffi_testss_22test_ffi_memory_safety
FNDA:1,_RNvNtNtNtCscwG700SpbJM_8crc_fast4test18future_proof_tests9ffi_testss_26test_ffi_pointer_stability
FNDA:1,_RNvNtNtNtCscwG700SpbJM_8crc_fast4test18future_proof_tests9ffi_testss_27test_ffi_conversion_23_keys
FNDA:1,_RNvNtNtNtCscwG700SpbJM_8crc_fast4test18future_proof_tests9ffi_testss_27test_ffi_conversion_25_keys
FNDA:1,_RNvNtNtNtCscwG700SpbJM_8crc_fast4test18future_proof_tests9ffi_testss_29test_ffi_different_key_counts
FNDA:1,_RNvNtNtNtCscwG700SpbJM_8crc_fast4test18future_proof_tests9ffi_testss_35test_ffi_get_custom_params_function
FNDA:1,_RNvNtNtCscwG700SpbJM_8crc_fast4test18future_proof_testss_31test_crc_params_get_key_checked
FNDA:1,_RNvNtNtCscwG700SpbJM_8crc_fast4test18future_proof_testss_37test_crc_keys_storage_bounds_checking
FNDA:1,_RNvNtNtCscwG700SpbJM_8crc_fast4test18future_proof_testss_37test_key_count_returns_correct_values
FNDA:1,_RNvNtNtCscwG700SpbJM_8crc_fast4test18future_proof_testss_39test_crc_params_get_key_bounds_checking
FNDA:1,_RNvNtNtCscwG700SpbJM_8crc_fast4test18future_proof_testss_45test_future_expansion_backwards_compatibility
FNDA:1,_RNvNtNtCscwG700SpbJM_8crc_fast4test18future_proof_testss_46test_memory_usage_impact_of_enum_based_storage
FNDA:1,_RNvNtNtCscwG700SpbJM_8crc_fast4test18future_proof_testss_48test_third_party_const_definitions_compatibility
FNDA:1,_RNvNtNtCscwG700SpbJM_8crc_fast4test18future_proof_testss_50test_existing_key_access_patterns_continue_to_work
FNDA:1,_RNvNtNtCscwG700SpbJM_8crc_fast4test18future_proof_testss_51test_compiler_optimizations_eliminate_enum_dispatch
FNDA:1,_RNvNtNtCscwG700SpbJM_8crc_fast4test18future_proof_testss_53test_create_crc_params_using_keys_future_test_variant
FNDA:1,_RNvNtNtCscwG700SpbJM_8crc_fast4test18future_proof_testss_53test_expansion_to_larger_key_arrays_works_as_designed
FNDA:1,_RNvNtNtCscwG700SpbJM_8crc_fast4test18future_proof_testss_54test_code_gracefully_handles_different_key_array_sizes
FNDA:1,_RNvNtNtCscwG700SpbJM_8crc_fast4test18future_proof_testss_55test_key_access_performance_matches_direct_array_access
FNDA:1,_RNvNtNtCscwG700SpbJM_8crc_fast4test18future_proof_testss_56test_backwards_compatibility_throughout_migration_phases
FNDA:1,_RNvNtNtCscwG700SpbJM_8crc_fast4test18future_proof_testss_57test_crc_calculation_performance_before_and_after_changes
FNDA:2,_RNvNvNtNtCscwG700SpbJM_8crc_fast4test18future_proof_testss_45test_future_expansion_backwards_compatibility25third_party_key_processor
FNDA:2,_RNvNvNtNtCscwG700SpbJM_8crc_fast4test18future_proof_testss_54test_code_gracefully_handles_different_key_array_sizes18process_crc_params
FNF:23
FNH:23
DA:10,1
DA:12,1
DA:13,1
DA:16,24
DA:17,23
DA:18,23
DA:20,0
DA:26,1
DA:27,1
DA:29,0
DA:31,1
DA:32,1
DA:34,0
DA:36,1
DA:37,1
DA:39,0
DA:43,1
DA:44,1
DA:47,26
DA:48,25
DA:49,25
DA:51,0
DA:57,1
DA:58,1
DA:60,0
DA:62,1
DA:63,1
DA:65,0
DA:67,1
DA:68,1
DA:70,0
DA:72,1
DA:75,1
DA:77,1
DA:78,1
DA:79,1
DA:80,1
DA:81,1
DA:82,1
DA:83,1
DA:84,1
DA:85,1
DA:86,1
DA:87,1
DA:88,1
DA:89,1
DA:92,24
DA:93,23
DA:94,23
DA:96,0
DA:102,1
DA:103,1
DA:105,0
DA:107,1
DA:108,1
DA:110,0
DA:112,1
DA:113,1
DA:115,0
DA:119,1
DA:120,1
DA:121,1
DA:122,1
DA:123,1
DA:124,1
DA:125,1
DA:126,1
DA:127,1
DA:128,1
DA:129,1
DA:130,1
DA:131,1
DA:134,26
DA:135,25
DA:136,25
DA:138,0
DA:144,1
DA:145,1
DA:147,0
DA:149,1
DA:150,1
DA:152,0
DA:154,1
DA:155,1
DA:157,0
DA:159,1
DA:162,1
DA:164,1
DA:165,1
DA:166,1
DA:167,1
DA:169,0
DA:172,1
DA:173,1
DA:174,1
DA:175,1
DA:176,1
DA:177,1
DA:178,1
DA:179,1
DA:180,1
DA:181,1
DA:182,1
DA:183,1
DA:184,1
DA:185,1
DA:187,0
DA:191,1
DA:192,1
DA:193,1
DA:194,1
DA:196,0
DA:199,1
DA:200,1
DA:201,1
DA:202,1
DA:203,1
DA:204,1
DA:205,1
DA:206,1
DA:207,1
DA:208,1
DA:209,1
DA:210,1
DA:211,1
DA:212,1
DA:214,0
DA:216,1
DA:219,1
DA:221,1
DA:222,1
DA:223,1
DA:224,1
DA:225,1
DA:226,1
DA:227,1
DA:228,1
DA:229,1
DA:230,1
DA:231,1
DA:232,1
DA:233,1
DA:236,24
DA:237,23
DA:238,23
DA:240,0
DA:246,1
DA:247,1
DA:249,0
DA:251,1
DA:252,1
DA:254,0
DA:256,1
DA:257,1
DA:259,0
DA:261,1
DA:264,1
DA:345,1
DA:346,1
DA:349,1
DA:350,1
DA:351,1
DA:353,1
DA:354,1
DA:355,1
DA:358,1
DA:359,1
DA:362,1
DA:363,1
DA:366,1
DA:368,1
DA:369,1
DA:372,1
DA:373,1
DA:376,1
DA:377,1
DA:381,1
DA:384,1
DA:385,1
DA:386,1
DA:387,1
DA:388,1
DA:389,1
DA:390,1
DA:391,1
DA:392,1
DA:393,1
DA:394,1
DA:395,1
DA:396,1
DA:397,1
DA:398,1
DA:399,1
DA:400,1
DA:401,1
DA:402,1
DA:403,1
DA:404,1
DA:405,1
DA:406,1
DA:407,1
DA:408,1
DA:410,1
DA:411,1
DA:412,1
DA:413,1
DA:414,1
DA:415,1
DA:416,1
DA:417,1
DA:418,1
DA:419,1
DA:420,1
DA:421,1
DA:424,24
DA:425,23
DA:426,23
DA:427,23
DA:429,0
DA:435,23
DA:436,23
DA:437,23
DA:438,23
DA:440,0
DA:446,1
DA:447,8
DA:448,7
DA:449,7
DA:450,7
DA:451,7
DA:453,0
DA:456,0
DA:460,1
DA:461,1
DA:463,0
DA:465,1
DA:466,1
DA:468,0
DA:470,1
DA:474,1
DA:478,1
DA:479,1
DA:482,24
DA:483,23
DA:484,23
DA:485,23
DA:486,0
DA:492,1
DA:493,1
DA:494,1
DA:495,1
DA:496,1
DA:497,1
DA:498,1
DA:499,1
DA:500,1
DA:501,1
DA:502,1
DA:503,1
DA:506,24
DA:507,23
DA:508,23
DA:509,23
DA:510,0
DA:513,23
DA:514,23
DA:515,23
DA:516,0
DA:522,1
DA:523,1
DA:524,1
DA:526,0
DA:530,1
DA:533,1
DA:534,1
DA:536,0
DA:538,1
DA:540,0
DA:542,1
DA:544,0
DA:546,1
DA:550,1
DA:557,1
DA:558,1
DA:559,1
DA:560,1
DA:561,1
DA:562,1
DA:563,1
DA:564,1
DA:565,1
DA:566,1
DA:567,1
DA:568,1
DA:569,1
DA:570,1
DA:571,1
DA:572,1
DA:573,1
DA:574,1
DA:575,1
DA:576,1
DA:577,1
DA:578,1
DA:579,1
DA:580,1
DA:581,1
DA:582,1
DA:584,1
DA:585,1
DA:586,1
DA:587,1
DA:588,1
DA:589,1
DA:590,1
DA:591,1
DA:592,1
DA:593,1
DA:594,1
DA:595,1
DA:598,1
DA:599,1
DA:602,1000
DA:603,24000
DA:604,23000
DA:605,23000
DA:609,1
DA:610,1
DA:611,1
DA:612,1000
DA:613,24000
DA:614,23000
DA:615,23000
DA:619,1
DA:622,1
DA:623,1000
DA:624,31000
DA:625,30000
DA:626,30000
DA:627,30000
DA:628,30000
DA:632,1
DA:634,0
DA:636,1
DA:639,1
DA:644,1
DA:645,1
DA:646,1
DA:649,1
DA:650,1
DA:651,1
DA:652,1
DA:653,1
DA:654,1
DA:656,5
DA:658,4
DA:659,4
DA:661,0
DA:665,4
DA:666,4
DA:668,0
DA:672,4
DA:673,4
DA:675,0
DA:679,4
DA:680,4
DA:682,0
DA:685,1
DA:688,1
DA:693,1
DA:694,1
DA:696,1
DA:697,1
DA:700,1
DA:701,1
DA:702,1
DA:703,1
DA:707,1
DA:709,0
DA:713,1
DA:714,1
DA:715,0
DA:717,1
DA:718,1
DA:719,0
DA:723,1
DA:724,1
DA:725,1
DA:726,1
DA:727,1
DA:728,1
DA:729,1
DA:730,1
DA:731,1
DA:732,1
DA:733,1
DA:734,1
DA:736,1
DA:737,1
DA:738,1
DA:739,1
DA:740,1
DA:741,1
DA:742,1
DA:743,1
DA:744,1
DA:745,1
DA:746,1
DA:747,1
DA:749,1
DA:750,1
DA:753,1
DA:754,1
DA:755,0
DA:757,1
DA:758,1
DA:759,0
DA:763,1
DA:764,1
DA:765,0
DA:767,1
DA:768,1
DA:769,0
DA:771,1
DA:774,1
DA:779,1
DA:780,1
DA:781,1
DA:782,1
DA:783,1
DA:784,1
DA:785,1
DA:786,1
DA:787,1
DA:788,1
DA:789,1
DA:790,1
DA:791,1
DA:792,1
DA:793,1
DA:794,1
DA:795,1
DA:796,1
DA:797,1
DA:798,1
DA:799,1
DA:800,1
DA:801,1
DA:802,1
DA:803,1
DA:804,1
DA:805,1
DA:806,1
DA:807,1
DA:808,1
DA:809,1
DA:810,1
DA:811,1
DA:812,1
DA:813,1
DA:814,1
DA:815,1
DA:816,1
DA:817,1
DA:818,1
DA:819,1
DA:820,1
DA:821,1
DA:822,1
DA:823,1
DA:824,1
DA:825,1
DA:826,1
DA:827,1
DA:828,1
DA:829,1
DA:830,1
DA:832,1
DA:833,1
DA:837,1
DA:838,101
DA:839,2400
DA:840,2300
DA:841,2300
DA:844,1
DA:845,101
DA:846,2600
DA:847,2500
DA:848,2500
DA:852,1
DA:854,0
DA:856,1
DA:858,0
DA:862,1
DA:863,1
DA:865,101
DA:866,200
DA:867,200
DA:868,4800
DA:869,4800
DA:870,4800
DA:871,4800
DA:872,4800
DA:873,4800
DA:874,4800
DA:878,1
DA:879,1
DA:882,1
DA:884,1
DA:885,1
DA:886,1
DA:887,1
DA:888,1
DA:889,1
DA:890,1
DA:891,1
DA:892,1
DA:893,1
DA:894,1
DA:895,1
DA:896,1
DA:897,1
DA:898,1
DA:899,1
DA:900,1
DA:901,1
DA:902,1
DA:903,1
DA:904,1
DA:905,1
DA:906,1
DA:907,1
DA:908,1
DA:909,1
DA:910,1
DA:912,1
DA:913,1
DA:914,1
DA:915,1
DA:916,1
DA:917,1
DA:918,1
DA:919,1
DA:920,1
DA:921,1
DA:922,1
DA:923,1
DA:926,1
DA:927,1
DA:929,0
DA:933,26
DA:934,25
DA:935,25
DA:936,25
DA:937,0
DA:940,25
DA:941,25
DA:942,25
DA:943,0
DA:949,1
DA:950,1
DA:952,0
DA:954,1
DA:955,1
DA:957,0
DA:959,1
DA:960,1
DA:962,0
DA:964,1
DA:965,1
DA:967,0
DA:969,1
DA:972,1
DA:975,1
DA:976,1
DA:978,1
DA:979,1
DA:980,1
DA:981,1
DA:982,1
DA:983,1
DA:984,1
DA:985,1
DA:986,1
DA:987,1
DA:988,1
DA:989,1
DA:991,1
DA:992,1
DA:993,1
DA:994,1
DA:995,1
DA:996,1
DA:997,1
DA:998,1
DA:999,1
DA:1000,1
DA:1001,1
DA:1002,1
DA:1005,2
DA:1006,2
DA:1007,2
DA:1008,2
DA:1009,2
DA:1011,0
DA:1013,2
DA:1014,2
DA:1017,1
DA:1018,1
DA:1020,1
DA:1021,1
DA:1023,1
DA:1025,0
DA:1027,1
DA:1029,0
DA:1032,1
DA:1033,1
DA:1036,1
DA:1037,1
DA:1039,0
DA:1041,1
DA:1042,1
DA:1044,0
DA:1047,1
DA:1048,1
DA:1050,0
DA:1052,1
DA:1053,1
DA:1055,0
DA:1057,1
DA:1060,1
DA:1064,1
DA:1065,1
DA:1066,1
DA:1067,1
DA:1068,1
DA:1069,1
DA:1070,1
DA:1071,1
DA:1072,1
DA:1073,1
DA:1074,1
DA:1075,1
DA:1076,1
DA:1077,1
DA:1078,1
DA:1079,1
DA:1080,1
DA:1081,1
DA:1082,1
DA:1083,1
DA:1084,1
DA:1085,1
DA:1086,1
DA:1087,1
DA:1088,1
DA:1089,1
DA:1090,1
DA:1091,1
DA:1092,1
DA:1093,1
DA:1095,1
DA:1096,1
DA:1097,1
DA:1098,1
DA:1099,1
DA:1100,1
DA:1101,1
DA:1102,1
DA:1103,1
DA:1104,1
DA:1105,1
DA:1106,1
DA:1108,1
DA:1109,1
DA:1110,1
DA:1111,1
DA:1112,1
DA:1113,1
DA:1114,1
DA:1115,1
DA:1116,1
DA:1117,1
DA:1118,1
DA:1119,1
DA:1122,24
DA:1123,23
DA:1124,23
DA:1126,0
DA:1129,23
DA:1130,23
DA:1132,0
DA:1138,1
DA:1139,1
DA:1141,0
DA:1143,1
DA:1144,1
DA:1146,0
DA:1150,1
DA:1151,1
DA:1153,0
DA:1155,1
DA:1156,1
DA:1158,0
DA:1162,1
DA:1163,1
DA:1165,0
DA:1167,1
DA:1168,1
DA:1170,0
DA:1174,1
DA:1175,1
DA:1177,0
DA:1179,1
DA:1180,1
DA:1182,0
DA:1186,1
DA:1187,1
DA:1189,0
DA:1191,1
DA:1192,1
DA:1194,0
DA:1197,1
DA:1198,1
DA:1200,0
DA:1202,1
DA:1203,1
DA:1205,0
DA:1207,1
DA:1208,1
DA:1210,0
DA:1212,1
DA:1215,1
DA:1224,2
DA:1225,2
DA:1229,12
DA:1230,10
DA:1231,10
DA:1234,12
DA:1235,10
DA:1236,10
DA:1239,8
DA:1240,6
DA:1241,6
DA:1244,2
DA:1245,2
DA:1247,2
DA:1248,2
DA:1251,1
DA:1252,1
DA:1253,1
DA:1254,1
DA:1255,1
DA:1256,1
DA:1257,1
DA:1258,1
DA:1259,1
DA:1260,1
DA:1261,1
DA:1262,1
DA:1263,1
DA:1266,1
DA:1267,1
DA:1268,1
DA:1269,1
DA:1270,1
DA:1271,1
DA:1272,1
DA:1273,1
DA:1274,1
DA:1275,1
DA:1276,1
DA:1277,1
DA:1278,1
DA:1281,1
DA:1282,1
DA:1285,1
DA:1286,1
DA:1287,1
DA:1288,0
DA:1292,14
DA:1293,13
DA:1294,13
DA:1295,0
DA:1298,13
DA:1299,13
DA:1300,0
DA:1306,1
DA:1307,1
DA:1308,0
DA:1310,1
DA:1311,1
DA:1312,0
DA:1314,1
DA:1315,1
DA:1316,0
DA:1318,1
DA:1319,1
DA:1320,0
DA:1324,1
DA:1326,0
DA:1328,1
DA:1340,1
DA:1342,1
DA:1343,1
DA:1344,1
DA:1345,1
DA:1346,1
DA:1347,1
DA:1348,1
DA:1349,1
DA:1350,1
DA:1351,1
DA:1352,1
DA:1353,1
DA:1354,1
DA:1357,1
DA:1360,1
DA:1361,1
DA:1362,1
DA:1363,0
DA:1365,1
DA:1366,1
DA:1367,1
DA:1368,1
DA:1369,1
DA:1370,1
DA:1371,1
DA:1375,24
DA:1376,23
DA:1377,23
DA:1379,0
DA:1386,1
DA:1389,1
DA:1390,1
DA:1391,1
DA:1392,1
DA:1393,1
DA:1394,1
DA:1395,1
DA:1396,1
DA:1397,1
DA:1400,24
DA:1401,23
DA:1402,23
DA:1403,23
DA:1404,0
DA:1408,1
DA:1411,1
DA:1413,1
DA:1414,1
DA:1415,1
DA:1416,1
DA:1417,1
DA:1418,1
DA:1419,1
DA:1420,1
DA:1421,1
DA:1422,1
DA:1423,1
DA:1424,1
DA:1425,1
DA:1428,1
DA:1431,1
DA:1432,1
DA:1433,1
DA:1434,0
DA:1436,1
DA:1437,1
DA:1441,26
DA:1442,25
DA:1443,25
DA:1445,0
DA:1452,1
DA:1455,1
DA:1456,26
DA:1457,25
DA:1458,25
DA:1459,25
DA:1460,0
DA:1464,1
DA:1467,1
DA:1469,1
DA:1470,1
DA:1471,1
DA:1472,1
DA:1473,1
DA:1474,1
DA:1475,1
DA:1476,1
DA:1477,1
DA:1478,1
DA:1479,1
DA:1480,1
DA:1481,1
DA:1484,1
DA:1485,1
DA:1488,1
DA:1490,0
DA:1492,1
DA:1494,0
DA:1498,1
DA:1499,1
DA:1500,1
DA:1501,1
DA:1502,1
DA:1503,1
DA:1504,1
DA:1505,1
DA:1506,1
DA:1507,1
DA:1508,1
DA:1509,1
DA:1510,1
DA:1512,1
DA:1513,1
DA:1515,0
DA:1517,1
DA:1520,1
DA:1522,1
DA:1523,1
DA:1524,1
DA:1525,1
DA:1526,1
DA:1527,1
DA:1528,1
DA:1529,1
DA:1530,1
DA:1531,1
DA:1532,1
DA:1533,1
DA:1534,1
DA:1536,1
DA:1540,1
DA:1541,1
DA:1544,23
DA:1545,23
DA:1547,0
DA:1553,1
DA:1554,1
DA:1555,1
DA:1557,0
DA:1562,1
DA:1563,1
DA:1565,24
DA:1566,23
DA:1567,23
DA:1569,0
DA:1573,1
DA:1576,1
DA:1580,1
DA:1581,1
DA:1582,1
DA:1583,1
DA:1584,1
DA:1585,1
DA:1586,1
DA:1587,1
DA:1588,1
DA:1589,1
DA:1590,1
DA:1591,1
DA:1592,1
DA:1595,1
DA:1596,1
DA:1597,1
DA:1598,1
DA:1599,1
DA:1600,1
DA:1601,1
DA:1602,1
DA:1603,1
DA:1604,1
DA:1605,1
DA:1606,1
DA:1607,1
DA:1610,1
DA:1611,1
DA:1614,1
DA:1615,1
DA:1620,24
DA:1621,23
DA:1622,23
DA:1624,0
DA:1630,26
DA:1631,25
DA:1632,25
DA:1634,0
DA:1640,2
DA:1641,48
DA:1642,48
DA:1643,48
DA:1649,1
DA:1650,1
DA:1652,1
DA:1653,1
DA:1656,24
DA:1657,23
DA:1659,26
DA:1660,25
DA:1662,1
DA:1665,1
DA:1669,1
DA:1670,1
DA:1671,1
DA:1681,1
DA:1682,1
DA:1683,1
DA:1684,1
DA:1685,1
DA:1686,1
DA:1687,1
DA:1688,1
DA:1689,1
DA:1690,0
DA:1692,1
DA:1696,23
DA:1697,23
DA:1698,23
DA:1699,23
DA:1703,1
DA:1704,1
DA:1705,1
DA:1706,1
DA:1707,1
DA:1708,1
DA:1709,1
DA:1710,1
DA:1711,1
DA:1712,1
BRF:0
BRH:0
LF:1030
LH:927
end_of_record
SF:/Users/mr.wolf/loadingalias/crc-fast-rust/src/test/mod.rs
FN:14,_RNvNtCscwG700SpbJM_8crc_fast4test19create_aligned_data
FNDA:57,_RNvNtCscwG700SpbJM_8crc_fast4test19create_aligned_data
FNF:1
FNH:1
DA:14,57
DA:16,57
DA:19,57
DA:22,57
DA:23,57
DA:26,57
DA:27,57
DA:30,57
DA:31,57
BRF:0
BRH:0
LF:9
LH:9
end_of_record
SF:/Users/mr.wolf/loadingalias/crc-fast-rust/src/traits.rs
FN:45,_RINvYNtNtNtNtCs3YYFpeUFfny_8crc_fast4arch7aarch643aes13Aarch64AesOpsNtNtBb_6traits7ArchOps28process_enhanced_simd_blocksNtNtBb_7structs7Width32EBb_
FN:45,_RINvYNtNtNtNtCs3YYFpeUFfny_8crc_fast4arch7aarch643aes13Aarch64AesOpsNtNtBb_6traits7ArchOps28process_enhanced_simd_blocksNtNtBb_7structs7Width64EBb_
FN:45,_RINvYNtNtNtNtCs3YYFpeUFfny_8crc_fast4arch7aarch648aes_sha317Aarch64AesSha3OpsNtNtBb_6traits7ArchOps28process_enhanced_simd_blocksNtNtBb_7structs7Width32EBb_
FN:45,_RINvYNtNtNtNtCs3YYFpeUFfny_8crc_fast4arch7aarch648aes_sha317Aarch64AesSha3OpsNtNtBb_6traits7ArchOps28process_enhanced_simd_blocksNtNtBb_7structs7Width64EBb_
FN:24,_RNvYpNtNtCscwG700SpbJM_8crc_fast6traits13CrcCalculator6updateB7_
FN:28,_RNvYpNtNtCscwG700SpbJM_8crc_fast6traits13CrcCalculator8checksumB7_
FN:45,_RINvYNtNtNtNtCscwG700SpbJM_8crc_fast4arch7aarch648aes_sha317Aarch64AesSha3OpsNtNtBb_6traits7ArchOps28process_enhanced_simd_blocksNtNtBb_7structs7Width32EBb_
FN:45,_RINvYNtNtNtNtCscwG700SpbJM_8crc_fast4arch7aarch648aes_sha317Aarch64AesSha3OpsNtNtBb_6traits7ArchOps28process_enhanced_simd_blocksNtNtBb_7structs7Width64EBb_
FN:45,_RINvYNtNtNtNtCscwG700SpbJM_8crc_fast4arch7aarch643aes13Aarch64AesOpsNtNtBb_6traits7ArchOps28process_enhanced_simd_blocksNtNtBb_7structs7Width32EBb_
FN:45,_RINvYNtNtNtNtCscwG700SpbJM_8crc_fast4arch7aarch643aes13Aarch64AesOpsNtNtBb_6traits7ArchOps28process_enhanced_simd_blocksNtNtBb_7structs7Width64EBb_
FN:24,_RNvYpNtNtCs3YYFpeUFfny_8crc_fast6traits13CrcCalculator6updateB7_
FN:28,_RNvYpNtNtCs3YYFpeUFfny_8crc_fast6traits13CrcCalculator8checksumB7_
FNDA:0,_RINvYNtNtNtNtCs3YYFpeUFfny_8crc_fast4arch7aarch643aes13Aarch64AesOpsNtNtBb_6traits7ArchOps28process_enhanced_simd_blocksNtNtBb_7structs7Width32EBb_
FNDA:0,_RINvYNtNtNtNtCs3YYFpeUFfny_8crc_fast4arch7aarch643aes13Aarch64AesOpsNtNtBb_6traits7ArchOps28process_enhanced_simd_blocksNtNtBb_7structs7Width64EBb_
FNDA:0,_RINvYNtNtNtNtCs3YYFpeUFfny_8crc_fast4arch7aarch648aes_sha317Aarch64AesSha3OpsNtNtBb_6traits7ArchOps28process_enhanced_simd_blocksNtNtBb_7structs7Width32EBb_
FNDA:1,_RINvYNtNtNtNtCs3YYFpeUFfny_8crc_fast4arch7aarch648aes_sha317Aarch64AesSha3OpsNtNtBb_6traits7ArchOps28process_enhanced_simd_blocksNtNtBb_7structs7Width64EBb_
FNDA:0,_RNvYpNtNtCscwG700SpbJM_8crc_fast6traits13CrcCalculator6updateB7_
FNDA:0,_RNvYpNtNtCscwG700SpbJM_8crc_fast6traits13CrcCalculator8checksumB7_
FNDA:17022,_RINvYNtNtNtNtCscwG700SpbJM_8crc_fast4arch7aarch648aes_sha317Aarch64AesSha3OpsNtNtBb_6traits7ArchOps28process_enhanced_simd_blocksNtNtBb_7structs7Width32EBb_
FNDA:10836,_RINvYNtNtNtNtCscwG700SpbJM_8crc_fast4arch7aarch648aes_sha317Aarch64AesSha3OpsNtNtBb_6traits7ArchOps28process_enhanced_simd_blocksNtNtBb_7structs7Width64EBb_
FNDA:0,_RINvYNtNtNtNtCscwG700SpbJM_8crc_fast4arch7aarch643aes13Aarch64AesOpsNtNtBb_6traits7ArchOps28process_enhanced_simd_blocksNtNtBb_7structs7Width32EBb_
FNDA:0,_RINvYNtNtNtNtCscwG700SpbJM_8crc_fast4arch7aarch643aes13Aarch64AesOpsNtNtBb_6traits7ArchOps28process_enhanced_simd_blocksNtNtBb_7structs7Width64EBb_
FNDA:0,_RNvYpNtNtCs3YYFpeUFfny_8crc_fast6traits13CrcCalculator6updateB7_
FNDA:0,_RNvYpNtNtCs3YYFpeUFfny_8crc_fast6traits13CrcCalculator8checksumB7_
FNF:3
FNH:1
DA:24,0
DA:25,0
DA:26,0
DA:28,0
DA:29,0
DA:30,0
DA:45,27859
DA:46,27859
DA:47,27859
DA:48,27859
DA:49,27859
DA:50,27859
DA:51,27859
DA:52,27859
DA:53,27859
DA:54,27859
DA:58,27859
DA:59,27859
BRF:0
BRH:0
LF:18
LH:12
end_of_record